2023-12-10 03:08:27.609 [info] Getting Manifest... bradlc.vscode-tailwindcss
2023-12-10 03:08:27.616 [info] Installing extension: bradlc.vscode-tailwindcss
2023-12-10 03:08:28.178 [warning] Extension signature verification failed with error 'UnknownError': bradlc.vscode-tailwindcss
2023-12-10 03:08:28.237 [info] Extracted extension to file:///home/carlos/.vscode/extensions/bradlc.vscode-tailwindcss-0.10.3: bradlc.vscode-tailwindcss
2023-12-10 03:08:28.239 [info] Renamed to /home/carlos/.vscode/extensions/bradlc.vscode-tailwindcss-0.10.3
2023-12-10 03:08:28.241 [info] Extracting extension completed. bradlc.vscode-tailwindcss
2023-12-10 03:08:28.250 [info] Extension installed successfully: bradlc.vscode-tailwindcss
2023-12-10 03:08:28.329 [error] [uncaught exception in sharedProcess]: Error: ENOENT: no such file or directory, stat '/home/carlos/.vscode/extensions/extensions.json.vsctmp': EntryNotFound (FileSystemError): Error: ENOENT: no such file or directory, stat '/home/carlos/.vscode/extensions/extensions.json.vsctmp'
    at r.create (/opt/visual-studio-code/resources/app/out/vs/code/node/sharedProcess/sharedProcessMain.js:51:30056)
    at a (/opt/visual-studio-code/resources/app/out/vs/code/node/sharedProcess/sharedProcessMain.js:51:30170)
    at s.fb (/opt/visual-studio-code/resources/app/out/vs/code/node/sharedProcess/sharedProcessMain.js:56:36175)
    at s.stat (/opt/visual-studio-code/resources/app/out/vs/code/node/sharedProcess/sharedProcessMain.js:56:28621)
    at async E.stat (/opt/visual-studio-code/resources/app/out/vs/code/node/sharedProcess/sharedProcessMain.js:56:15732)
    at async Y.tb (/opt/visual-studio-code/resources/app/out/vs/code/node/sharedProcess/sharedProcessMain.js:100:111319)
2023-12-10 03:08:36.258 [info] Getting Manifest... zarifprogrammer.tailwind-snippets
2023-12-10 03:08:36.267 [info] Installing extension: zarifprogrammer.tailwind-snippets
2023-12-10 03:08:36.831 [warning] Extension signature verification failed with error 'UnknownError': zarifprogrammer.tailwind-snippets
2023-12-10 03:08:36.847 [info] Extracted extension to file:///home/carlos/.vscode/extensions/zarifprogrammer.tailwind-snippets-1.0.2: zarifprogrammer.tailwind-snippets
2023-12-10 03:08:36.849 [info] Renamed to /home/carlos/.vscode/extensions/zarifprogrammer.tailwind-snippets-1.0.2
2023-12-10 03:08:36.850 [info] Extracting extension completed. zarifprogrammer.tailwind-snippets
2023-12-10 03:08:36.858 [info] Extension installed successfully: zarifprogrammer.tailwind-snippets
2023-12-10 03:08:36.930 [error] [uncaught exception in sharedProcess]: Error: ENOENT: no such file or directory, stat '/home/carlos/.vscode/extensions/extensions.json.vsctmp': EntryNotFound (FileSystemError): Error: ENOENT: no such file or directory, stat '/home/carlos/.vscode/extensions/extensions.json.vsctmp'
    at r.create (/opt/visual-studio-code/resources/app/out/vs/code/node/sharedProcess/sharedProcessMain.js:51:30056)
    at a (/opt/visual-studio-code/resources/app/out/vs/code/node/sharedProcess/sharedProcessMain.js:51:30170)
    at s.fb (/opt/visual-studio-code/resources/app/out/vs/code/node/sharedProcess/sharedProcessMain.js:56:36175)
    at s.stat (/opt/visual-studio-code/resources/app/out/vs/code/node/sharedProcess/sharedProcessMain.js:56:28621)
    at async E.stat (/opt/visual-studio-code/resources/app/out/vs/code/node/sharedProcess/sharedProcessMain.js:56:15732)
    at async Y.tb (/opt/visual-studio-code/resources/app/out/vs/code/node/sharedProcess/sharedProcessMain.js:100:111319)
2023-12-10 03:12:03.039 [info] Getting Manifest... skyran.js-jsx-snippets
2023-12-10 03:12:03.049 [info] Installing extension: skyran.js-jsx-snippets
2023-12-10 03:12:03.738 [warning] Extension signature verification failed with error 'UnknownError': skyran.js-jsx-snippets
2023-12-10 03:12:03.748 [info] Extracted extension to file:///home/carlos/.vscode/extensions/skyran.js-jsx-snippets-11.0.1: skyran.js-jsx-snippets
2023-12-10 03:12:03.750 [info] Renamed to /home/carlos/.vscode/extensions/skyran.js-jsx-snippets-11.0.1
2023-12-10 03:12:03.751 [info] Extracting extension completed. skyran.js-jsx-snippets
2023-12-10 03:12:03.759 [info] Extension installed successfully: skyran.js-jsx-snippets
2023-12-10 03:12:03.831 [error] [uncaught exception in sharedProcess]: Error: ENOENT: no such file or directory, stat '/home/carlos/.vscode/extensions/extensions.json.vsctmp': EntryNotFound (FileSystemError): Error: ENOENT: no such file or directory, stat '/home/carlos/.vscode/extensions/extensions.json.vsctmp'
    at r.create (/opt/visual-studio-code/resources/app/out/vs/code/node/sharedProcess/sharedProcessMain.js:51:30056)
    at a (/opt/visual-studio-code/resources/app/out/vs/code/node/sharedProcess/sharedProcessMain.js:51:30170)
    at s.fb (/opt/visual-studio-code/resources/app/out/vs/code/node/sharedProcess/sharedProcessMain.js:56:36175)
    at s.stat (/opt/visual-studio-code/resources/app/out/vs/code/node/sharedProcess/sharedProcessMain.js:56:28621)
    at async E.stat (/opt/visual-studio-code/resources/app/out/vs/code/node/sharedProcess/sharedProcessMain.js:56:15732)
    at async Y.tb (/opt/visual-studio-code/resources/app/out/vs/code/node/sharedProcess/sharedProcessMain.js:100:111319)
2023-12-10 12:41:07.194 [info] Getting Manifest... naumovs.color-highlight
2023-12-10 12:41:07.205 [info] Installing extension: naumovs.color-highlight
2023-12-10 12:41:07.715 [warning] Extension signature verification failed with error 'UnknownError': naumovs.color-highlight
2023-12-10 12:41:07.871 [info] Extracted extension to file:///home/carlos/.vscode/extensions/naumovs.color-highlight-2.5.0: naumovs.color-highlight
2023-12-10 12:41:07.874 [info] Renamed to /home/carlos/.vscode/extensions/naumovs.color-highlight-2.5.0
2023-12-10 12:41:07.875 [info] Extracting extension completed. naumovs.color-highlight
2023-12-10 12:41:07.882 [info] Extension installed successfully: naumovs.color-highlight
2023-12-10 12:41:07.899 [error] [uncaught exception in sharedProcess]: Error: ENOENT: no such file or directory, stat '/home/carlos/.vscode/extensions/extensions.json.vsctmp': EntryNotFound (FileSystemError): Error: ENOENT: no such file or directory, stat '/home/carlos/.vscode/extensions/extensions.json.vsctmp'
    at r.create (/opt/visual-studio-code/resources/app/out/vs/code/node/sharedProcess/sharedProcessMain.js:51:30056)
    at a (/opt/visual-studio-code/resources/app/out/vs/code/node/sharedProcess/sharedProcessMain.js:51:30170)
    at s.fb (/opt/visual-studio-code/resources/app/out/vs/code/node/sharedProcess/sharedProcessMain.js:56:36175)
    at s.stat (/opt/visual-studio-code/resources/app/out/vs/code/node/sharedProcess/sharedProcessMain.js:56:28621)
    at async E.stat (/opt/visual-studio-code/resources/app/out/vs/code/node/sharedProcess/sharedProcessMain.js:56:15732)
    at async Y.tb (/opt/visual-studio-code/resources/app/out/vs/code/node/sharedProcess/sharedProcessMain.js:100:111319)
2023-12-10 13:14:21.302 [info] Getting Manifest... reditorsupport.r
2023-12-10 13:14:21.307 [info] Installing extension: reditorsupport.r
2023-12-10 13:14:22.345 [warning] Extension signature verification failed with error 'UnknownError': reditorsupport.r
2023-12-10 13:14:22.430 [info] Extracted extension to file:///home/carlos/.vscode/extensions/reditorsupport.r-2.8.2: reditorsupport.r
2023-12-10 13:14:22.433 [info] Renamed to /home/carlos/.vscode/extensions/reditorsupport.r-2.8.2
2023-12-10 13:14:22.434 [info] Extracting extension completed. reditorsupport.r
2023-12-10 13:14:22.441 [info] Extension installed successfully: reditorsupport.r
2023-12-10 13:14:22.514 [error] [uncaught exception in sharedProcess]: Error: ENOENT: no such file or directory, stat '/home/carlos/.vscode/extensions/extensions.json.vsctmp': EntryNotFound (FileSystemError): Error: ENOENT: no such file or directory, stat '/home/carlos/.vscode/extensions/extensions.json.vsctmp'
    at r.create (/opt/visual-studio-code/resources/app/out/vs/code/node/sharedProcess/sharedProcessMain.js:51:30056)
    at a (/opt/visual-studio-code/resources/app/out/vs/code/node/sharedProcess/sharedProcessMain.js:51:30170)
    at s.fb (/opt/visual-studio-code/resources/app/out/vs/code/node/sharedProcess/sharedProcessMain.js:56:36175)
    at s.stat (/opt/visual-studio-code/resources/app/out/vs/code/node/sharedProcess/sharedProcessMain.js:56:28621)
    at async E.stat (/opt/visual-studio-code/resources/app/out/vs/code/node/sharedProcess/sharedProcessMain.js:56:15732)
    at async Y.tb (/opt/visual-studio-code/resources/app/out/vs/code/node/sharedProcess/sharedProcessMain.js:100:111319)
2023-12-10 15:05:30.364 [info] Getting Manifest... equinusocio.vsc-material-theme
2023-12-10 15:05:30.366 [info] Getting Manifest... equinusocio.vsc-material-theme-icons
2023-12-10 15:05:30.591 [info] Installing extension: equinusocio.vsc-material-theme
2023-12-10 15:05:30.598 [info] Installing extension: equinusocio.vsc-material-theme-icons
2023-12-10 15:05:31.702 [warning] Extension signature verification failed with error 'UnknownError': equinusocio.vsc-material-theme
2023-12-10 15:05:31.773 [info] Extracted extension to file:///home/carlos/.vscode/extensions/equinusocio.vsc-material-theme-34.3.1: equinusocio.vsc-material-theme
2023-12-10 15:05:31.775 [info] Renamed to /home/carlos/.vscode/extensions/equinusocio.vsc-material-theme-34.3.1
2023-12-10 15:05:31.776 [info] Extracting extension completed. equinusocio.vsc-material-theme
2023-12-10 15:05:31.791 [info] Extension installed successfully: equinusocio.vsc-material-theme
2023-12-10 15:05:31.794 [info] Marked extension as uninstalled equinusocio.vsc-material-theme-34.3.0
2023-12-10 15:05:31.804 [warning] Extension signature verification failed with error 'UnknownError': equinusocio.vsc-material-theme-icons
2023-12-10 15:05:31.866 [error] [uncaught exception in sharedProcess]: Error: ENOENT: no such file or directory, stat '/home/carlos/.vscode/extensions/extensions.json.vsctmp': EntryNotFound (FileSystemError): Error: ENOENT: no such file or directory, stat '/home/carlos/.vscode/extensions/extensions.json.vsctmp'
    at r.create (/opt/visual-studio-code/resources/app/out/vs/code/node/sharedProcess/sharedProcessMain.js:51:30056)
    at a (/opt/visual-studio-code/resources/app/out/vs/code/node/sharedProcess/sharedProcessMain.js:51:30170)
    at s.fb (/opt/visual-studio-code/resources/app/out/vs/code/node/sharedProcess/sharedProcessMain.js:56:36175)
    at s.stat (/opt/visual-studio-code/resources/app/out/vs/code/node/sharedProcess/sharedProcessMain.js:56:28621)
    at async E.stat (/opt/visual-studio-code/resources/app/out/vs/code/node/sharedProcess/sharedProcessMain.js:56:15732)
    at async Y.tb (/opt/visual-studio-code/resources/app/out/vs/code/node/sharedProcess/sharedProcessMain.js:100:111319)
2023-12-10 15:05:33.499 [info] Extracted extension to file:///home/carlos/.vscode/extensions/equinusocio.vsc-material-theme-icons-3.3.1: equinusocio.vsc-material-theme-icons
2023-12-10 15:05:33.507 [info] Renamed to /home/carlos/.vscode/extensions/equinusocio.vsc-material-theme-icons-3.3.1
2023-12-10 15:05:33.508 [info] Extracting extension completed. equinusocio.vsc-material-theme-icons
2023-12-10 15:05:33.516 [info] Extension installed successfully: equinusocio.vsc-material-theme-icons
2023-12-10 15:05:33.518 [info] Marked extension as uninstalled equinusocio.vsc-material-theme-icons-3.2.0
2023-12-10 15:05:33.592 [error] [uncaught exception in sharedProcess]: Error: ENOENT: no such file or directory, stat '/home/carlos/.vscode/extensions/extensions.json.vsctmp': EntryNotFound (FileSystemError): Error: ENOENT: no such file or directory, stat '/home/carlos/.vscode/extensions/extensions.json.vsctmp'
    at r.create (/opt/visual-studio-code/resources/app/out/vs/code/node/sharedProcess/sharedProcessMain.js:51:30056)
    at a (/opt/visual-studio-code/resources/app/out/vs/code/node/sharedProcess/sharedProcessMain.js:51:30170)
    at s.fb (/opt/visual-studio-code/resources/app/out/vs/code/node/sharedProcess/sharedProcessMain.js:56:36175)
    at s.stat (/opt/visual-studio-code/resources/app/out/vs/code/node/sharedProcess/sharedProcessMain.js:56:28621)
    at async E.stat (/opt/visual-studio-code/resources/app/out/vs/code/node/sharedProcess/sharedProcessMain.js:56:15732)
    at async Y.tb (/opt/visual-studio-code/resources/app/out/vs/code/node/sharedProcess/sharedProcessMain.js:100:111319)
