2023-12-10 03:05:11.945 [info] Log level: Info
2023-12-10 03:05:11.945 [info] Validating found git in: "git"
2023-12-10 03:05:11.945 [info] Using git "2.43.0" from "git"
2023-12-10 03:05:11.945 [info] > git rev-parse --show-toplevel [10ms]
2023-12-10 03:05:11.945 [info] fatal: not a git repository (or any parent up to mount point /)
Stopping at filesystem boundary (GIT_DISCOVERY_ACROSS_FILESYSTEM not set).
2023-12-10 03:05:11.945 [info] > git rev-parse --show-toplevel [4ms]
2023-12-10 03:05:11.945 [info] fatal: not a git repository (or any parent up to mount point /)
Stopping at filesystem boundary (GIT_DISCOVERY_ACROSS_FILESYSTEM not set).
2023-12-10 03:05:11.958 [info] > git rev-parse --show-toplevel [2ms]
2023-12-10 03:05:11.958 [info] fatal: not a git repository (or any parent up to mount point /)
Stopping at filesystem boundary (GIT_DISCOVERY_ACROSS_FILESYSTEM not set).
2023-12-10 03:05:11.975 [info] > git rev-parse --show-toplevel [6ms]
2023-12-10 03:05:11.975 [info] fatal: not a git repository (or any parent up to mount point /)
Stopping at filesystem boundary (GIT_DISCOVERY_ACROSS_FILESYSTEM not set).
2023-12-10 03:05:12.356 [info] > git rev-parse --show-toplevel [369ms]
2023-12-10 03:05:12.356 [info] fatal: not a git repository (or any parent up to mount point /)
Stopping at filesystem boundary (GIT_DISCOVERY_ACROSS_FILESYSTEM not set).
2023-12-10 03:08:28.287 [info] > git rev-parse --show-toplevel [6ms]
2023-12-10 03:08:28.287 [info] fatal: not a git repository (or any parent up to mount point /)
Stopping at filesystem boundary (GIT_DISCOVERY_ACROSS_FILESYSTEM not set).
2023-12-10 03:11:14.993 [info] > git rev-parse --show-toplevel [6ms]
2023-12-10 03:11:14.993 [info] fatal: not a git repository (or any parent up to mount point /)
Stopping at filesystem boundary (GIT_DISCOVERY_ACROSS_FILESYSTEM not set).
2023-12-10 03:11:21.996 [info] > git rev-parse --show-toplevel [3ms]
2023-12-10 03:11:21.996 [info] fatal: not a git repository (or any parent up to mount point /)
Stopping at filesystem boundary (GIT_DISCOVERY_ACROSS_FILESYSTEM not set).
2023-12-10 03:11:24.104 [info] > git rev-parse --show-toplevel [4ms]
2023-12-10 03:11:24.104 [info] fatal: not a git repository (or any parent up to mount point /)
Stopping at filesystem boundary (GIT_DISCOVERY_ACROSS_FILESYSTEM not set).
2023-12-10 03:11:25.288 [info] > git rev-parse --show-toplevel [4ms]
2023-12-10 03:11:25.288 [info] fatal: not a git repository (or any parent up to mount point /)
Stopping at filesystem boundary (GIT_DISCOVERY_ACROSS_FILESYSTEM not set).
2023-12-10 03:11:25.905 [info] > git rev-parse --show-toplevel [5ms]
2023-12-10 03:11:25.905 [info] fatal: not a git repository (or any parent up to mount point /)
Stopping at filesystem boundary (GIT_DISCOVERY_ACROSS_FILESYSTEM not set).
2023-12-10 03:11:26.551 [info] > git rev-parse --show-toplevel [4ms]
2023-12-10 03:11:26.551 [info] fatal: not a git repository (or any parent up to mount point /)
Stopping at filesystem boundary (GIT_DISCOVERY_ACROSS_FILESYSTEM not set).
2023-12-10 03:11:27.025 [info] > git rev-parse --show-toplevel [4ms]
2023-12-10 03:11:27.025 [info] fatal: not a git repository (or any parent up to mount point /)
Stopping at filesystem boundary (GIT_DISCOVERY_ACROSS_FILESYSTEM not set).
2023-12-10 03:11:28.380 [info] > git rev-parse --show-toplevel [2ms]
2023-12-10 03:11:28.380 [info] fatal: not a git repository (or any parent up to mount point /)
Stopping at filesystem boundary (GIT_DISCOVERY_ACROSS_FILESYSTEM not set).
2023-12-10 12:41:07.919 [info] > git rev-parse --show-toplevel [5ms]
2023-12-10 12:41:07.919 [info] fatal: not a git repository (or any parent up to mount point /)
Stopping at filesystem boundary (GIT_DISCOVERY_ACROSS_FILESYSTEM not set).
