2023-12-10 03:05:25.630 [info] Log level: Info
2023-12-10 03:05:25.630 [info] Validating found git in: "git"
2023-12-10 03:05:25.630 [info] Using git "2.43.0" from "git"
2023-12-10 03:05:25.630 [info] > git rev-parse --show-toplevel [11ms]
2023-12-10 03:05:25.630 [info] fatal: not a git repository (or any parent up to mount point /)
Stopping at filesystem boundary (GIT_DISCOVERY_ACROSS_FILESYSTEM not set).
2023-12-10 03:05:25.630 [info] > git rev-parse --show-toplevel [2ms]
2023-12-10 03:05:25.630 [info] fatal: not a git repository (or any parent up to mount point /)
Stopping at filesystem boundary (GIT_DISCOVERY_ACROSS_FILESYSTEM not set).
2023-12-10 03:05:25.631 [info] > git rev-parse --show-toplevel [1ms]
2023-12-10 03:05:25.631 [info] fatal: not a git repository (or any parent up to mount point /)
Stopping at filesystem boundary (GIT_DISCOVERY_ACROSS_FILESYSTEM not set).
2023-12-10 03:05:25.664 [info] > git rev-parse --show-toplevel [5ms]
2023-12-10 03:05:25.664 [info] fatal: not a git repository (or any parent up to mount point /)
Stopping at filesystem boundary (GIT_DISCOVERY_ACROSS_FILESYSTEM not set).
2023-12-10 03:05:26.003 [info] > git rev-parse --show-toplevel [33ms]
2023-12-10 03:05:26.003 [info] fatal: not a git repository (or any parent up to mount point /)
Stopping at filesystem boundary (GIT_DISCOVERY_ACROSS_FILESYSTEM not set).
2023-12-10 03:05:26.017 [info] > git rev-parse --show-toplevel [3ms]
2023-12-10 03:05:26.017 [info] fatal: not a git repository (or any parent up to mount point /)
Stopping at filesystem boundary (GIT_DISCOVERY_ACROSS_FILESYSTEM not set).
2023-12-10 03:05:26.342 [info] > git rev-parse --show-toplevel [10ms]
2023-12-10 03:05:26.342 [info] fatal: not a git repository (or any parent up to mount point /)
Stopping at filesystem boundary (GIT_DISCOVERY_ACROSS_FILESYSTEM not set).
2023-12-10 03:05:58.538 [info] > git rev-parse --show-toplevel [1ms]
2023-12-10 03:05:58.538 [info] fatal: not a git repository (or any parent up to mount point /)
Stopping at filesystem boundary (GIT_DISCOVERY_ACROSS_FILESYSTEM not set).
2023-12-10 03:07:04.382 [info] > git rev-parse --show-toplevel [1ms]
2023-12-10 03:07:04.382 [info] fatal: not a git repository (or any parent up to mount point /)
Stopping at filesystem boundary (GIT_DISCOVERY_ACROSS_FILESYSTEM not set).
2023-12-10 03:07:23.039 [info] > git rev-parse --show-toplevel [1ms]
2023-12-10 03:07:23.039 [info] fatal: not a git repository (or any parent up to mount point /)
Stopping at filesystem boundary (GIT_DISCOVERY_ACROSS_FILESYSTEM not set).
2023-12-10 03:07:24.345 [info] > git rev-parse --show-toplevel [2ms]
2023-12-10 03:07:24.345 [info] fatal: not a git repository (or any parent up to mount point /)
Stopping at filesystem boundary (GIT_DISCOVERY_ACROSS_FILESYSTEM not set).
2023-12-10 03:07:38.264 [info] > git rev-parse --show-toplevel [3ms]
2023-12-10 03:07:38.264 [info] fatal: not a git repository (or any parent up to mount point /)
Stopping at filesystem boundary (GIT_DISCOVERY_ACROSS_FILESYSTEM not set).
2023-12-10 03:08:28.348 [info] > git rev-parse --show-toplevel [2ms]
2023-12-10 03:08:28.348 [info] fatal: not a git repository (or any parent up to mount point /)
Stopping at filesystem boundary (GIT_DISCOVERY_ACROSS_FILESYSTEM not set).
2023-12-10 03:08:37.456 [info] > git rev-parse --show-toplevel [2ms]
2023-12-10 03:08:37.456 [info] fatal: not a git repository (or any parent up to mount point /)
Stopping at filesystem boundary (GIT_DISCOVERY_ACROSS_FILESYSTEM not set).
2023-12-10 03:11:06.569 [info] > git rev-parse --show-toplevel [3ms]
2023-12-10 03:11:06.569 [info] fatal: not a git repository (or any parent up to mount point /)
Stopping at filesystem boundary (GIT_DISCOVERY_ACROSS_FILESYSTEM not set).
2023-12-10 03:11:35.445 [info] > git rev-parse --show-toplevel [3ms]
2023-12-10 03:11:35.445 [info] fatal: not a git repository (or any parent up to mount point /)
Stopping at filesystem boundary (GIT_DISCOVERY_ACROSS_FILESYSTEM not set).
2023-12-10 03:11:36.477 [info] > git rev-parse --show-toplevel [3ms]
2023-12-10 03:11:36.477 [info] fatal: not a git repository (or any parent up to mount point /)
Stopping at filesystem boundary (GIT_DISCOVERY_ACROSS_FILESYSTEM not set).
2023-12-10 03:11:37.521 [info] > git rev-parse --show-toplevel [2ms]
2023-12-10 03:11:37.521 [info] fatal: not a git repository (or any parent up to mount point /)
Stopping at filesystem boundary (GIT_DISCOVERY_ACROSS_FILESYSTEM not set).
2023-12-10 03:12:32.510 [info] > git rev-parse --show-toplevel [4ms]
2023-12-10 03:12:32.510 [info] fatal: not a git repository (or any parent up to mount point /)
Stopping at filesystem boundary (GIT_DISCOVERY_ACROSS_FILESYSTEM not set).
2023-12-10 03:13:15.142 [info] > git rev-parse --show-toplevel [5ms]
2023-12-10 03:13:15.142 [info] fatal: not a git repository (or any parent up to mount point /)
Stopping at filesystem boundary (GIT_DISCOVERY_ACROSS_FILESYSTEM not set).
2023-12-10 03:13:42.384 [info] > git rev-parse --show-toplevel [3ms]
2023-12-10 03:13:42.384 [info] fatal: not a git repository (or any parent up to mount point /)
Stopping at filesystem boundary (GIT_DISCOVERY_ACROSS_FILESYSTEM not set).
2023-12-10 12:33:38.361 [info] > git rev-parse --show-toplevel [3ms]
2023-12-10 12:33:38.361 [info] fatal: not a git repository (or any parent up to mount point /)
Stopping at filesystem boundary (GIT_DISCOVERY_ACROSS_FILESYSTEM not set).
2023-12-10 12:38:20.473 [info] > git rev-parse --show-toplevel [3ms]
2023-12-10 12:38:20.473 [info] fatal: not a git repository (or any parent up to mount point /)
Stopping at filesystem boundary (GIT_DISCOVERY_ACROSS_FILESYSTEM not set).
2023-12-10 12:38:21.404 [info] > git rev-parse --show-toplevel [2ms]
2023-12-10 12:38:21.404 [info] fatal: not a git repository (or any parent up to mount point /)
Stopping at filesystem boundary (GIT_DISCOVERY_ACROSS_FILESYSTEM not set).
2023-12-10 12:38:21.878 [info] > git rev-parse --show-toplevel [3ms]
2023-12-10 12:38:21.878 [info] fatal: not a git repository (or any parent up to mount point /)
Stopping at filesystem boundary (GIT_DISCOVERY_ACROSS_FILESYSTEM not set).
2023-12-10 12:38:22.767 [info] > git rev-parse --show-toplevel [2ms]
2023-12-10 12:38:22.767 [info] fatal: not a git repository (or any parent up to mount point /)
Stopping at filesystem boundary (GIT_DISCOVERY_ACROSS_FILESYSTEM not set).
2023-12-10 12:39:34.426 [info] > git rev-parse --show-toplevel [1ms]
2023-12-10 12:39:34.426 [info] fatal: not a git repository (or any parent up to mount point /)
Stopping at filesystem boundary (GIT_DISCOVERY_ACROSS_FILESYSTEM not set).
2023-12-10 12:39:34.782 [info] > git rev-parse --show-toplevel [3ms]
2023-12-10 12:39:34.782 [info] fatal: not a git repository (or any parent up to mount point /)
Stopping at filesystem boundary (GIT_DISCOVERY_ACROSS_FILESYSTEM not set).
2023-12-10 12:39:36.412 [info] > git rev-parse --show-toplevel [4ms]
2023-12-10 12:39:36.412 [info] fatal: not a git repository (or any parent up to mount point /)
Stopping at filesystem boundary (GIT_DISCOVERY_ACROSS_FILESYSTEM not set).
2023-12-10 12:39:55.000 [info] > git rev-parse --show-toplevel [3ms]
2023-12-10 12:39:55.000 [info] fatal: not a git repository (or any parent up to mount point /)
Stopping at filesystem boundary (GIT_DISCOVERY_ACROSS_FILESYSTEM not set).
2023-12-10 12:40:15.722 [info] > git rev-parse --show-toplevel [2ms]
2023-12-10 12:40:15.722 [info] fatal: not a git repository (or any parent up to mount point /)
Stopping at filesystem boundary (GIT_DISCOVERY_ACROSS_FILESYSTEM not set).
2023-12-10 12:41:07.955 [info] > git rev-parse --show-toplevel [4ms]
2023-12-10 12:41:07.955 [info] fatal: not a git repository (or any parent up to mount point /)
Stopping at filesystem boundary (GIT_DISCOVERY_ACROSS_FILESYSTEM not set).
2023-12-10 12:41:12.102 [info] > git rev-parse --show-toplevel [2ms]
2023-12-10 12:41:12.102 [info] fatal: not a git repository (or any parent up to mount point /)
Stopping at filesystem boundary (GIT_DISCOVERY_ACROSS_FILESYSTEM not set).
2023-12-10 12:41:12.573 [info] > git rev-parse --show-toplevel [1ms]
2023-12-10 12:41:12.573 [info] fatal: not a git repository (or any parent up to mount point /)
Stopping at filesystem boundary (GIT_DISCOVERY_ACROSS_FILESYSTEM not set).
2023-12-10 12:41:20.548 [info] > git rev-parse --show-toplevel [3ms]
2023-12-10 12:41:20.548 [info] fatal: not a git repository (or any parent up to mount point /)
Stopping at filesystem boundary (GIT_DISCOVERY_ACROSS_FILESYSTEM not set).
2023-12-10 12:41:21.489 [info] > git rev-parse --show-toplevel [3ms]
2023-12-10 12:41:21.489 [info] fatal: not a git repository (or any parent up to mount point /)
Stopping at filesystem boundary (GIT_DISCOVERY_ACROSS_FILESYSTEM not set).
2023-12-10 13:08:22.590 [info] > git rev-parse --show-toplevel [2ms]
2023-12-10 13:08:22.590 [info] fatal: not a git repository (or any parent up to mount point /)
Stopping at filesystem boundary (GIT_DISCOVERY_ACROSS_FILESYSTEM not set).
2023-12-10 13:08:26.264 [info] > git rev-parse --show-toplevel [2ms]
2023-12-10 13:08:26.265 [info] fatal: not a git repository (or any parent up to mount point /)
Stopping at filesystem boundary (GIT_DISCOVERY_ACROSS_FILESYSTEM not set).
2023-12-10 13:14:19.240 [info] > git rev-parse --show-toplevel [3ms]
2023-12-10 13:14:19.240 [info] fatal: not a git repository (or any parent up to mount point /)
Stopping at filesystem boundary (GIT_DISCOVERY_ACROSS_FILESYSTEM not set).
2023-12-10 13:14:22.486 [info] > git rev-parse --show-toplevel [1ms]
2023-12-10 13:14:22.486 [info] fatal: not a git repository (or any parent up to mount point /)
Stopping at filesystem boundary (GIT_DISCOVERY_ACROSS_FILESYSTEM not set).
2023-12-10 13:14:22.607 [info] > git rev-parse --show-toplevel [1ms]
2023-12-10 13:14:22.607 [info] fatal: not a git repository (or any parent up to mount point /)
Stopping at filesystem boundary (GIT_DISCOVERY_ACROSS_FILESYSTEM not set).
2023-12-10 13:14:23.293 [info] > git rev-parse --show-toplevel [2ms]
2023-12-10 13:14:23.293 [info] fatal: not a git repository (or any parent up to mount point /)
Stopping at filesystem boundary (GIT_DISCOVERY_ACROSS_FILESYSTEM not set).
2023-12-10 14:16:20.221 [info] > git rev-parse --show-toplevel [2ms]
2023-12-10 14:16:20.221 [info] fatal: not a git repository (or any parent up to mount point /)
Stopping at filesystem boundary (GIT_DISCOVERY_ACROSS_FILESYSTEM not set).
2023-12-10 14:17:48.113 [info] > git rev-parse --show-toplevel [5ms]
2023-12-10 14:17:48.113 [info] fatal: not a git repository (or any parent up to mount point /)
Stopping at filesystem boundary (GIT_DISCOVERY_ACROSS_FILESYSTEM not set).
2023-12-10 14:17:49.247 [info] > git rev-parse --show-toplevel [4ms]
2023-12-10 14:17:49.247 [info] fatal: not a git repository (or any parent up to mount point /)
Stopping at filesystem boundary (GIT_DISCOVERY_ACROSS_FILESYSTEM not set).
2023-12-10 14:18:21.031 [info] > git rev-parse --show-toplevel [2ms]
2023-12-10 14:18:21.031 [info] fatal: not a git repository (or any parent up to mount point /)
Stopping at filesystem boundary (GIT_DISCOVERY_ACROSS_FILESYSTEM not set).
2023-12-10 14:18:22.228 [info] > git rev-parse --show-toplevel [2ms]
2023-12-10 14:18:22.228 [info] fatal: not a git repository (or any parent up to mount point /)
Stopping at filesystem boundary (GIT_DISCOVERY_ACROSS_FILESYSTEM not set).
2023-12-10 14:21:40.202 [info] > git rev-parse --show-toplevel [2ms]
2023-12-10 14:21:40.202 [info] fatal: not a git repository (or any parent up to mount point /)
Stopping at filesystem boundary (GIT_DISCOVERY_ACROSS_FILESYSTEM not set).
2023-12-10 14:22:43.956 [info] > git rev-parse --show-toplevel [2ms]
2023-12-10 14:22:43.956 [info] fatal: not a git repository (or any parent up to mount point /)
Stopping at filesystem boundary (GIT_DISCOVERY_ACROSS_FILESYSTEM not set).
2023-12-10 14:29:09.061 [info] > git rev-parse --show-toplevel [2ms]
2023-12-10 14:29:09.061 [info] fatal: not a git repository (or any parent up to mount point /)
Stopping at filesystem boundary (GIT_DISCOVERY_ACROSS_FILESYSTEM not set).
2023-12-10 14:29:10.351 [info] > git rev-parse --show-toplevel [3ms]
2023-12-10 14:29:10.351 [info] fatal: not a git repository (or any parent up to mount point /)
Stopping at filesystem boundary (GIT_DISCOVERY_ACROSS_FILESYSTEM not set).
2023-12-10 14:29:11.285 [info] > git rev-parse --show-toplevel [4ms]
2023-12-10 14:29:11.285 [info] fatal: not a git repository (or any parent up to mount point /)
Stopping at filesystem boundary (GIT_DISCOVERY_ACROSS_FILESYSTEM not set).
2023-12-10 14:34:35.986 [info] > git rev-parse --show-toplevel [3ms]
2023-12-10 14:34:35.986 [info] fatal: not a git repository (or any parent up to mount point /)
Stopping at filesystem boundary (GIT_DISCOVERY_ACROSS_FILESYSTEM not set).
2023-12-10 14:34:44.051 [info] > git rev-parse --show-toplevel [2ms]
2023-12-10 14:34:44.051 [info] fatal: not a git repository (or any parent up to mount point /)
Stopping at filesystem boundary (GIT_DISCOVERY_ACROSS_FILESYSTEM not set).
2023-12-10 14:34:44.576 [info] > git rev-parse --show-toplevel [4ms]
2023-12-10 14:34:44.576 [info] fatal: not a git repository (or any parent up to mount point /)
Stopping at filesystem boundary (GIT_DISCOVERY_ACROSS_FILESYSTEM not set).
2023-12-10 14:34:45.922 [info] > git rev-parse --show-toplevel [4ms]
2023-12-10 14:34:45.922 [info] fatal: not a git repository (or any parent up to mount point /)
Stopping at filesystem boundary (GIT_DISCOVERY_ACROSS_FILESYSTEM not set).
2023-12-10 14:34:55.631 [info] > git rev-parse --show-toplevel [1ms]
2023-12-10 14:34:55.631 [info] fatal: not a git repository (or any parent up to mount point /)
Stopping at filesystem boundary (GIT_DISCOVERY_ACROSS_FILESYSTEM not set).
2023-12-10 14:35:00.611 [info] > git rev-parse --show-toplevel [3ms]
2023-12-10 14:35:00.611 [info] fatal: not a git repository (or any parent up to mount point /)
Stopping at filesystem boundary (GIT_DISCOVERY_ACROSS_FILESYSTEM not set).
2023-12-10 16:00:53.423 [info] > git rev-parse --show-toplevel [2ms]
2023-12-10 16:00:53.424 [info] fatal: not a git repository (or any parent up to mount point /)
Stopping at filesystem boundary (GIT_DISCOVERY_ACROSS_FILESYSTEM not set).
2023-12-10 16:01:31.482 [info] > git rev-parse --show-toplevel [3ms]
2023-12-10 16:01:31.482 [info] fatal: not a git repository (or any parent up to mount point /)
Stopping at filesystem boundary (GIT_DISCOVERY_ACROSS_FILESYSTEM not set).
2023-12-10 16:03:40.490 [info] > git rev-parse --show-toplevel [2ms]
2023-12-10 16:03:40.490 [info] fatal: not a git repository (or any parent up to mount point /)
Stopping at filesystem boundary (GIT_DISCOVERY_ACROSS_FILESYSTEM not set).
2023-12-10 16:03:41.318 [info] > git rev-parse --show-toplevel [1ms]
2023-12-10 16:03:41.318 [info] fatal: not a git repository (or any parent up to mount point /)
Stopping at filesystem boundary (GIT_DISCOVERY_ACROSS_FILESYSTEM not set).
2023-12-10 16:03:43.110 [info] > git rev-parse --show-toplevel [3ms]
2023-12-10 16:03:43.110 [info] fatal: not a git repository (or any parent up to mount point /)
Stopping at filesystem boundary (GIT_DISCOVERY_ACROSS_FILESYSTEM not set).
2023-12-10 16:04:03.751 [info] > git rev-parse --show-toplevel [3ms]
2023-12-10 16:04:03.751 [info] fatal: not a git repository (or any parent up to mount point /)
Stopping at filesystem boundary (GIT_DISCOVERY_ACROSS_FILESYSTEM not set).
2023-12-10 16:04:07.576 [info] > git rev-parse --show-toplevel [2ms]
2023-12-10 16:04:07.576 [info] fatal: not a git repository (or any parent up to mount point /)
Stopping at filesystem boundary (GIT_DISCOVERY_ACROSS_FILESYSTEM not set).
2023-12-10 16:04:08.840 [info] > git rev-parse --show-toplevel [3ms]
2023-12-10 16:04:08.840 [info] fatal: not a git repository (or any parent up to mount point /)
Stopping at filesystem boundary (GIT_DISCOVERY_ACROSS_FILESYSTEM not set).
2023-12-10 17:31:49.504 [info] > git rev-parse --show-toplevel [3ms]
2023-12-10 17:31:49.504 [info] fatal: not a git repository (or any parent up to mount point /)
Stopping at filesystem boundary (GIT_DISCOVERY_ACROSS_FILESYSTEM not set).
2023-12-10 17:31:51.864 [info] > git rev-parse --show-toplevel [2ms]
2023-12-10 17:31:51.865 [info] fatal: not a git repository (or any parent up to mount point /)
Stopping at filesystem boundary (GIT_DISCOVERY_ACROSS_FILESYSTEM not set).
2023-12-10 17:31:53.076 [info] > git rev-parse --show-toplevel [3ms]
2023-12-10 17:31:53.076 [info] fatal: not a git repository (or any parent up to mount point /)
Stopping at filesystem boundary (GIT_DISCOVERY_ACROSS_FILESYSTEM not set).
2023-12-10 18:36:19.374 [info] > git rev-parse --show-toplevel [3ms]
2023-12-10 18:36:19.375 [info] fatal: not a git repository (or any parent up to mount point /)
Stopping at filesystem boundary (GIT_DISCOVERY_ACROSS_FILESYSTEM not set).
2023-12-10 18:36:21.133 [info] > git rev-parse --show-toplevel [3ms]
2023-12-10 18:36:21.133 [info] fatal: not a git repository (or any parent up to mount point /)
Stopping at filesystem boundary (GIT_DISCOVERY_ACROSS_FILESYSTEM not set).
2023-12-10 18:37:08.857 [info] > git rev-parse --show-toplevel [1ms]
2023-12-10 18:37:08.857 [info] fatal: not a git repository (or any parent up to mount point /)
Stopping at filesystem boundary (GIT_DISCOVERY_ACROSS_FILESYSTEM not set).
2023-12-10 18:37:15.922 [info] > git rev-parse --show-toplevel [2ms]
2023-12-10 18:37:15.922 [info] fatal: not a git repository (or any parent up to mount point /)
Stopping at filesystem boundary (GIT_DISCOVERY_ACROSS_FILESYSTEM not set).
2023-12-10 18:37:26.121 [info] > git rev-parse --show-toplevel [1ms]
2023-12-10 18:37:26.121 [info] fatal: not a git repository (or any parent up to mount point /)
Stopping at filesystem boundary (GIT_DISCOVERY_ACROSS_FILESYSTEM not set).
2023-12-10 18:37:28.667 [info] > git rev-parse --show-toplevel [2ms]
2023-12-10 18:37:28.667 [info] fatal: not a git repository (or any parent up to mount point /)
Stopping at filesystem boundary (GIT_DISCOVERY_ACROSS_FILESYSTEM not set).
2023-12-10 19:17:42.229 [info] > git rev-parse --show-toplevel [3ms]
2023-12-10 19:17:42.229 [info] fatal: not a git repository (or any parent up to mount point /)
Stopping at filesystem boundary (GIT_DISCOVERY_ACROSS_FILESYSTEM not set).
2023-12-10 19:17:49.159 [info] > git rev-parse --show-toplevel [3ms]
2023-12-10 19:17:49.159 [info] fatal: not a git repository (or any parent up to mount point /)
Stopping at filesystem boundary (GIT_DISCOVERY_ACROSS_FILESYSTEM not set).
