2023-12-10 03:05:10.725 [info] Extension host with pid 769186 started
2023-12-10 03:05:10.725 [info] Skipping acquiring lock for /home/carlos/.config/Code/User/workspaceStorage/fe032359c998caf2b50e736ea47ca45e.
2023-12-10 03:05:10.900 [info] ExtensionService#_doActivateExtension vscode.emmet, startup: false, activationEvent: 'onLanguage'
2023-12-10 03:05:10.907 [info] ExtensionService#_doActivateExtension vscode.typescript-language-features, startup: false, activationEvent: 'onLanguage:javascriptreact'
2023-12-10 03:05:10.929 [info] ExtensionService#_doActivateExtension VisualStudioExptTeam.intellicode-api-usage-examples, startup: false, activationEvent: 'onLanguage:javascriptreact'
2023-12-10 03:05:10.980 [info] ExtensionService#_doActivateExtension VisualStudioExptTeam.vscodeintellicode, startup: false, activationEvent: 'onLanguage:javascriptreact'
2023-12-10 03:05:11.639 [info] ExtensionService#_doActivateExtension vscode.git-base, startup: true, activationEvent: '*', root cause: vscode.git
2023-12-10 03:05:11.643 [info] ExtensionService#_doActivateExtension christian-kohler.path-intellisense, startup: true, activationEvent: '*'
2023-12-10 03:05:11.669 [info] ExtensionService#_doActivateExtension rebornix.project-snippets, startup: true, activationEvent: '*'
2023-12-10 03:05:11.674 [info] ExtensionService#_doActivateExtension vscode.npm, startup: true, activationEvent: 'workspaceContains:package.json'
2023-12-10 03:05:11.762 [info] ExtensionService#_doActivateExtension vscode.git, startup: true, activationEvent: '*'
2023-12-10 03:05:11.789 [info] ExtensionService#_doActivateExtension vscode.github, startup: true, activationEvent: '*'
2023-12-10 03:05:11.972 [info] Eager extensions activated
2023-12-10 03:05:11.988 [info] ExtensionService#_doActivateExtension vscode.debug-auto-launch, startup: false, activationEvent: 'onStartupFinished'
2023-12-10 03:05:11.991 [info] ExtensionService#_doActivateExtension vscode.merge-conflict, startup: false, activationEvent: 'onStartupFinished'
2023-12-10 03:05:11.997 [info] ExtensionService#_doActivateExtension aaron-bond.better-comments, startup: false, activationEvent: 'onStartupFinished'
2023-12-10 03:05:12.010 [info] ExtensionService#_doActivateExtension Equinusocio.vsc-material-theme, startup: false, activationEvent: 'onStartupFinished'
2023-12-10 03:05:12.024 [info] ExtensionService#_doActivateExtension equinusocio.vsc-material-theme-icons, startup: false, activationEvent: 'onStartupFinished'
2023-12-10 03:05:12.061 [info] ExtensionService#_doActivateExtension ionutvmi.path-autocomplete, startup: false, activationEvent: 'onStartupFinished'
2023-12-10 03:05:12.076 [info] ExtensionService#_doActivateExtension miguelsolorio.symbols, startup: false, activationEvent: 'onStartupFinished'
2023-12-10 03:05:12.085 [info] ExtensionService#_doActivateExtension PKief.material-icon-theme, startup: false, activationEvent: 'onStartupFinished'
2023-12-10 03:05:12.095 [info] ExtensionService#_doActivateExtension Thinker.font-awesome, startup: false, activationEvent: 'onStartupFinished'
2023-12-10 03:05:12.337 [info] ExtensionService#_doActivateExtension usernamehw.errorlens, startup: false, activationEvent: 'onStartupFinished'
2023-12-10 03:05:12.340 [info] ExtensionService#_doActivateExtension zhuangtongfa.material-theme, startup: false, activationEvent: 'onStartupFinished'
2023-12-10 03:05:12.415 [info] ExtensionService#_doActivateExtension vscode.json-language-features, startup: false, activationEvent: 'onLanguage:jsonc'
2023-12-10 03:08:28.319 [info] ExtensionService#_doActivateExtension bradlc.vscode-tailwindcss, startup: false, activationEvent: 'onStartupFinished'
2023-12-10 12:41:07.931 [info] ExtensionService#_doActivateExtension naumovs.color-highlight, startup: false, activationEvent: '*'
2023-12-10 13:11:00.380 [info] Extension host terminating: renderer closed the MessagePort
2023-12-10 13:11:00.404 [error] Canceled: Canceled
	at new g (/opt/visual-studio-code/resources/app/out/vs/workbench/api/node/extensionHostProcess.js:141:110274)
	at l.U (/opt/visual-studio-code/resources/app/out/vs/workbench/api/node/extensionHostProcess.js:150:10866)
	at P.<computed>.j.charCodeAt.P.<computed> (/opt/visual-studio-code/resources/app/out/vs/workbench/api/node/extensionHostProcess.js:150:8317)
	at d.g (/opt/visual-studio-code/resources/app/out/vs/workbench/api/node/extensionHostProcess.js:141:139555)
	at d.executeCommand (/opt/visual-studio-code/resources/app/out/vs/workbench/api/node/extensionHostProcess.js:141:138993)
	at p.registerCommand.description (/opt/visual-studio-code/resources/app/out/vs/workbench/api/node/extensionHostProcess.js:141:138317)
	at d.h (/opt/visual-studio-code/resources/app/out/vs/workbench/api/node/extensionHostProcess.js:141:140094)
	at d.g (/opt/visual-studio-code/resources/app/out/vs/workbench/api/node/extensionHostProcess.js:141:139086)
	at d.executeCommand (/opt/visual-studio-code/resources/app/out/vs/workbench/api/node/extensionHostProcess.js:141:138993)
	at Object.executeCommand (/opt/visual-studio-code/resources/app/out/vs/workbench/api/node/extensionHostProcess.js:158:21333)
	at LT (/home/carlos/.vscode/extensions/bradlc.vscode-tailwindcss-0.10.3/dist/extension.js:43:6988)
	at /home/carlos/.vscode/extensions/bradlc.vscode-tailwindcss-0.10.3/dist/extension.js:43:15292
	at er (/home/carlos/.vscode/extensions/bradlc.vscode-tailwindcss-0.10.3/dist/extension.js:4:1357)
	at Zn (/home/carlos/.vscode/extensions/bradlc.vscode-tailwindcss-0.10.3/dist/extension.js:3:6843)
	at Immediate.<anonymous> (/home/carlos/.vscode/extensions/bradlc.vscode-tailwindcss-0.10.3/dist/extension.js:3:6721)
	at process.processImmediate (node:internal/timers:476:21) setContext undefined
2023-12-10 13:11:00.406 [info] Extension host with pid 769186 exiting with code 0
