2023-12-10 22:07:25.754 [info] Extension host with pid 2447037 started
2023-12-10 22:07:25.754 [info] Skipping acquiring lock for /home/carlos/.config/Code/User/workspaceStorage/6f76ef8c2bdc93ba5224aa9548a97129.
2023-12-10 22:07:25.942 [info] ExtensionService#_doActivateExtension vscode.emmet, startup: false, activationEvent: 'onLanguage'
2023-12-10 22:07:25.949 [info] ExtensionService#_doActivateExtension vscode.typescript-language-features, startup: false, activationEvent: 'onLanguage:javascriptreact'
2023-12-10 22:07:25.974 [info] ExtensionService#_doActivateExtension VisualStudioExptTeam.intellicode-api-usage-examples, startup: false, activationEvent: 'onLanguage:javascriptreact'
2023-12-10 22:07:26.020 [info] ExtensionService#_doActivateExtension VisualStudioExptTeam.vscodeintellicode, startup: false, activationEvent: 'onLanguage:javascriptreact'
2023-12-10 22:07:26.044 [info] ExtensionService#_doActivateExtension REditorSupport.r, startup: false, activationEvent: 'onLanguage:r'
2023-12-10 22:07:26.227 [error] TypeError: The argument 'file' cannot be empty. Received ''
	at new NodeError (node:internal/errors:399:5)
	at normalizeSpawnArguments (node:child_process:561:11)
	at Object.spawn (node:child_process:810:13)
	at v (/home/carlos/.vscode/extensions/reditorsupport.r-2.8.2/dist/extension.js:2:1432779)
	at t.LanguageService.spawnServer (/home/carlos/.vscode/extensions/reditorsupport.r-2.8.2/dist/extension.js:2:1329918)
	at Server.<anonymous> (/home/carlos/.vscode/extensions/reditorsupport.r-2.8.2/dist/extension.js:2:1332202)
	at Object.onceWrapper (node:events:627:28)
	at Server.emit (node:events:513:28)
	at emitListeningNT (node:net:1774:10)
	at process.processTicksAndRejections (node:internal/process/task_queues:81:21)
2023-12-10 22:07:26.883 [info] ExtensionService#_doActivateExtension vscode.git-base, startup: true, activationEvent: '*', root cause: vscode.git
2023-12-10 22:07:26.885 [info] ExtensionService#_doActivateExtension christian-kohler.path-intellisense, startup: true, activationEvent: '*'
2023-12-10 22:07:26.906 [info] ExtensionService#_doActivateExtension naumovs.color-highlight, startup: true, activationEvent: '*'
2023-12-10 22:07:26.911 [info] ExtensionService#_doActivateExtension rebornix.project-snippets, startup: true, activationEvent: '*'
2023-12-10 22:07:26.915 [info] ExtensionService#_doActivateExtension vscode.npm, startup: true, activationEvent: 'workspaceContains:package.json'
2023-12-10 22:07:26.992 [info] ExtensionService#_doActivateExtension vscode.git, startup: true, activationEvent: '*'
2023-12-10 22:07:27.015 [info] ExtensionService#_doActivateExtension vscode.github, startup: true, activationEvent: '*'
2023-12-10 22:07:27.159 [info] Eager extensions activated
2023-12-10 22:07:27.173 [info] ExtensionService#_doActivateExtension vscode.debug-auto-launch, startup: false, activationEvent: 'onStartupFinished'
2023-12-10 22:07:27.176 [info] ExtensionService#_doActivateExtension vscode.merge-conflict, startup: false, activationEvent: 'onStartupFinished'
2023-12-10 22:07:27.183 [info] ExtensionService#_doActivateExtension aaron-bond.better-comments, startup: false, activationEvent: 'onStartupFinished'
2023-12-10 22:07:27.191 [info] ExtensionService#_doActivateExtension bradlc.vscode-tailwindcss, startup: false, activationEvent: 'onStartupFinished'
2023-12-10 22:07:27.204 [info] ExtensionService#_doActivateExtension Equinusocio.vsc-material-theme, startup: false, activationEvent: 'onStartupFinished'
2023-12-10 22:07:27.211 [info] ExtensionService#_doActivateExtension equinusocio.vsc-material-theme-icons, startup: false, activationEvent: 'onStartupFinished'
2023-12-10 22:07:27.240 [info] ExtensionService#_doActivateExtension ionutvmi.path-autocomplete, startup: false, activationEvent: 'onStartupFinished'
2023-12-10 22:07:27.250 [info] ExtensionService#_doActivateExtension miguelsolorio.symbols, startup: false, activationEvent: 'onStartupFinished'
2023-12-10 22:07:27.258 [info] ExtensionService#_doActivateExtension PKief.material-icon-theme, startup: false, activationEvent: 'onStartupFinished'
2023-12-10 22:07:27.267 [info] ExtensionService#_doActivateExtension Thinker.font-awesome, startup: false, activationEvent: 'onStartupFinished'
2023-12-10 22:07:27.495 [info] ExtensionService#_doActivateExtension usernamehw.errorlens, startup: false, activationEvent: 'onStartupFinished'
2023-12-10 22:07:27.497 [info] ExtensionService#_doActivateExtension zhuangtongfa.material-theme, startup: false, activationEvent: 'onStartupFinished'
2023-12-10 22:07:27.598 [info] ExtensionService#_doActivateExtension vscode.json-language-features, startup: false, activationEvent: 'onLanguage:jsonc'
