[INFO 03:05:25] miguelsolorio.symbols activated
[INFO 03:05:25] symbols.hidesExplorerArrows changed, updating to false
[INFO 03:05:25] symbols.folders.associations changed, updating to undefined
[INFO 03:05:25] symbols.files.associations changed, updating to undefined
[INFO 03:05:25] symbols.hidesExplorerArrows changed, updating to false
[INFO 03:05:25] symbols.folders.associations changed, updating to undefined
[INFO 03:05:25] symbols.files.associations changed, updating to undefined
[INFO 03:05:25] symbols.hidesExplorerArrows changed, updating to false
[INFO 03:05:25] symbols.folders.associations changed, updating to undefined
[INFO 03:05:25] symbols.files.associations changed, updating to undefined
[INFO 03:05:26] symbols.hidesExplorerArrows changed, updating to false
[INFO 03:05:26] symbols.folders.associations changed, updating to undefined
[INFO 03:05:26] symbols.files.associations changed, updating to undefined
[INFO 03:05:28] symbols.hidesExplorerArrows changed, updating to false
[INFO 03:05:28] symbols.folders.associations changed, updating to undefined
[INFO 03:05:28] symbols.files.associations changed, updating to undefined
[INFO 03:05:53] symbols.hidesExplorerArrows changed, updating to false
[INFO 03:05:53] symbols.folders.associations changed, updating to undefined
[INFO 03:05:53] symbols.files.associations changed, updating to undefined
[INFO 03:05:59] symbols.hidesExplorerArrows changed, updating to false
[INFO 03:05:59] symbols.folders.associations changed, updating to undefined
[INFO 03:05:59] symbols.files.associations changed, updating to undefined
[INFO 03:06:18] symbols.hidesExplorerArrows changed, updating to false
[INFO 03:06:18] symbols.folders.associations changed, updating to undefined
[INFO 03:06:18] symbols.files.associations changed, updating to undefined
[INFO 03:06:59] symbols.hidesExplorerArrows changed, updating to false
[INFO 03:06:59] symbols.folders.associations changed, updating to undefined
[INFO 03:06:59] symbols.files.associations changed, updating to undefined
[INFO 03:07:03] symbols.hidesExplorerArrows changed, updating to false
[INFO 03:07:03] symbols.folders.associations changed, updating to undefined
[INFO 03:07:03] symbols.files.associations changed, updating to undefined
[INFO 03:07:10] symbols.hidesExplorerArrows changed, updating to false
[INFO 03:07:10] symbols.folders.associations changed, updating to undefined
[INFO 03:07:10] symbols.files.associations changed, updating to undefined
[INFO 03:07:16] symbols.hidesExplorerArrows changed, updating to false
[INFO 03:07:16] symbols.folders.associations changed, updating to undefined
[INFO 03:07:16] symbols.files.associations changed, updating to undefined
[INFO 03:07:33] symbols.hidesExplorerArrows changed, updating to false
[INFO 03:07:33] symbols.folders.associations changed, updating to undefined
[INFO 03:07:33] symbols.files.associations changed, updating to undefined
[INFO 03:07:35] symbols.hidesExplorerArrows changed, updating to false
[INFO 03:07:35] symbols.folders.associations changed, updating to undefined
[INFO 03:07:35] symbols.files.associations changed, updating to undefined
[INFO 03:07:36] symbols.hidesExplorerArrows changed, updating to false
[INFO 03:07:36] symbols.folders.associations changed, updating to undefined
[INFO 03:07:36] symbols.files.associations changed, updating to undefined
[INFO 03:08:15] symbols.hidesExplorerArrows changed, updating to false
[INFO 03:08:15] symbols.folders.associations changed, updating to undefined
[INFO 03:08:15] symbols.files.associations changed, updating to undefined
[INFO 03:08:19] symbols.hidesExplorerArrows changed, updating to false
[INFO 03:08:19] symbols.folders.associations changed, updating to undefined
[INFO 03:08:19] symbols.files.associations changed, updating to undefined
[INFO 03:08:28] symbols.hidesExplorerArrows changed, updating to false
[INFO 03:08:28] symbols.folders.associations changed, updating to undefined
[INFO 03:08:28] symbols.files.associations changed, updating to undefined
[INFO 03:09:07] symbols.hidesExplorerArrows changed, updating to false
[INFO 03:09:07] symbols.folders.associations changed, updating to undefined
[INFO 03:09:07] symbols.files.associations changed, updating to undefined
[INFO 03:09:31] symbols.hidesExplorerArrows changed, updating to false
[INFO 03:09:31] symbols.folders.associations changed, updating to undefined
[INFO 03:09:31] symbols.files.associations changed, updating to undefined
[INFO 03:10:14] symbols.hidesExplorerArrows changed, updating to false
[INFO 03:10:14] symbols.folders.associations changed, updating to undefined
[INFO 03:10:14] symbols.files.associations changed, updating to undefined
[INFO 03:10:33] symbols.hidesExplorerArrows changed, updating to false
[INFO 03:10:33] symbols.folders.associations changed, updating to undefined
[INFO 03:10:33] symbols.files.associations changed, updating to undefined
[INFO 03:11:08] symbols.hidesExplorerArrows changed, updating to false
[INFO 03:11:08] symbols.folders.associations changed, updating to undefined
[INFO 03:11:08] symbols.files.associations changed, updating to undefined
[INFO 03:11:34] symbols.hidesExplorerArrows changed, updating to false
[INFO 03:11:34] symbols.folders.associations changed, updating to undefined
[INFO 03:11:34] symbols.files.associations changed, updating to undefined
[INFO 03:11:40] symbols.hidesExplorerArrows changed, updating to false
[INFO 03:11:40] symbols.folders.associations changed, updating to undefined
[INFO 03:11:40] symbols.files.associations changed, updating to undefined
[INFO 03:13:12] symbols.hidesExplorerArrows changed, updating to false
[INFO 03:13:12] symbols.folders.associations changed, updating to undefined
[INFO 03:13:12] symbols.files.associations changed, updating to undefined
[INFO 03:13:24] symbols.hidesExplorerArrows changed, updating to false
[INFO 03:13:24] symbols.folders.associations changed, updating to undefined
[INFO 03:13:24] symbols.files.associations changed, updating to undefined
[INFO 03:13:41] symbols.hidesExplorerArrows changed, updating to false
[INFO 03:13:41] symbols.folders.associations changed, updating to undefined
[INFO 03:13:41] symbols.files.associations changed, updating to undefined
[INFO 03:13:58] symbols.hidesExplorerArrows changed, updating to false
[INFO 03:13:58] symbols.folders.associations changed, updating to undefined
[INFO 03:13:58] symbols.files.associations changed, updating to undefined
[INFO 03:13:59] symbols.hidesExplorerArrows changed, updating to false
[INFO 03:13:59] symbols.folders.associations changed, updating to undefined
[INFO 03:13:59] symbols.files.associations changed, updating to undefined
[INFO 03:14:26] symbols.hidesExplorerArrows changed, updating to false
[INFO 03:14:26] symbols.folders.associations changed, updating to undefined
[INFO 03:14:26] symbols.files.associations changed, updating to undefined
[INFO 03:14:28] symbols.hidesExplorerArrows changed, updating to false
[INFO 03:14:28] symbols.folders.associations changed, updating to undefined
[INFO 03:14:28] symbols.files.associations changed, updating to undefined
[INFO 03:14:44] symbols.hidesExplorerArrows changed, updating to false
[INFO 03:14:44] symbols.folders.associations changed, updating to undefined
[INFO 03:14:44] symbols.files.associations changed, updating to undefined
[INFO 03:14:50] symbols.hidesExplorerArrows changed, updating to false
[INFO 03:14:50] symbols.folders.associations changed, updating to undefined
[INFO 03:14:50] symbols.files.associations changed, updating to undefined
[INFO 03:15:23] symbols.hidesExplorerArrows changed, updating to false
[INFO 03:15:23] symbols.folders.associations changed, updating to undefined
[INFO 03:15:23] symbols.files.associations changed, updating to undefined
[INFO 03:15:51] symbols.hidesExplorerArrows changed, updating to false
[INFO 03:15:51] symbols.folders.associations changed, updating to undefined
[INFO 03:15:51] symbols.files.associations changed, updating to undefined
[INFO 03:15:56] symbols.hidesExplorerArrows changed, updating to false
[INFO 03:15:56] symbols.folders.associations changed, updating to undefined
[INFO 03:15:56] symbols.files.associations changed, updating to undefined
[INFO 03:16:31] symbols.hidesExplorerArrows changed, updating to false
[INFO 03:16:31] symbols.folders.associations changed, updating to undefined
[INFO 03:16:31] symbols.files.associations changed, updating to undefined
[INFO 03:16:48] symbols.hidesExplorerArrows changed, updating to false
[INFO 03:16:48] symbols.folders.associations changed, updating to undefined
[INFO 03:16:48] symbols.files.associations changed, updating to undefined
[INFO 03:16:52] symbols.hidesExplorerArrows changed, updating to false
[INFO 03:16:52] symbols.folders.associations changed, updating to undefined
[INFO 03:16:52] symbols.files.associations changed, updating to undefined
[INFO 03:17:13] symbols.hidesExplorerArrows changed, updating to false
[INFO 03:17:13] symbols.folders.associations changed, updating to undefined
[INFO 03:17:13] symbols.files.associations changed, updating to undefined
[INFO 03:17:33] symbols.hidesExplorerArrows changed, updating to false
[INFO 03:17:33] symbols.folders.associations changed, updating to undefined
[INFO 03:17:33] symbols.files.associations changed, updating to undefined
[INFO 03:18:40] symbols.hidesExplorerArrows changed, updating to false
[INFO 03:18:40] symbols.folders.associations changed, updating to undefined
[INFO 03:18:40] symbols.files.associations changed, updating to undefined
[INFO 03:19:26] symbols.hidesExplorerArrows changed, updating to false
[INFO 03:19:26] symbols.folders.associations changed, updating to undefined
[INFO 03:19:26] symbols.files.associations changed, updating to undefined
[INFO 03:27:50] symbols.hidesExplorerArrows changed, updating to false
[INFO 03:27:50] symbols.folders.associations changed, updating to undefined
[INFO 03:27:50] symbols.files.associations changed, updating to undefined
[INFO 03:27:50] symbols.hidesExplorerArrows changed, updating to false
[INFO 03:27:50] symbols.folders.associations changed, updating to undefined
[INFO 03:27:50] symbols.files.associations changed, updating to undefined
[INFO 03:35:02] symbols.hidesExplorerArrows changed, updating to false
[INFO 03:35:02] symbols.folders.associations changed, updating to undefined
[INFO 03:35:02] symbols.files.associations changed, updating to undefined
[INFO 04:00:40] symbols.hidesExplorerArrows changed, updating to false
[INFO 04:00:40] symbols.folders.associations changed, updating to undefined
[INFO 04:00:40] symbols.files.associations changed, updating to undefined
[INFO 04:00:40] symbols.hidesExplorerArrows changed, updating to false
[INFO 04:00:40] symbols.folders.associations changed, updating to undefined
[INFO 04:00:40] symbols.files.associations changed, updating to undefined
[INFO 04:00:44] symbols.hidesExplorerArrows changed, updating to false
[INFO 04:00:44] symbols.folders.associations changed, updating to undefined
[INFO 04:00:44] symbols.files.associations changed, updating to undefined
[INFO 04:01:50] symbols.hidesExplorerArrows changed, updating to false
[INFO 04:01:50] symbols.folders.associations changed, updating to undefined
[INFO 04:01:50] symbols.files.associations changed, updating to undefined
[INFO 10:28:51] symbols.hidesExplorerArrows changed, updating to false
[INFO 10:28:51] symbols.folders.associations changed, updating to undefined
[INFO 10:28:51] symbols.files.associations changed, updating to undefined
[INFO 10:47:25] symbols.hidesExplorerArrows changed, updating to false
[INFO 10:47:25] symbols.folders.associations changed, updating to undefined
[INFO 10:47:25] symbols.files.associations changed, updating to undefined
[INFO 10:47:27] symbols.hidesExplorerArrows changed, updating to false
[INFO 10:47:27] symbols.folders.associations changed, updating to undefined
[INFO 10:47:27] symbols.files.associations changed, updating to undefined
[INFO 10:47:29] symbols.hidesExplorerArrows changed, updating to false
[INFO 10:47:29] symbols.folders.associations changed, updating to undefined
[INFO 10:47:29] symbols.files.associations changed, updating to undefined
[INFO 10:47:32] symbols.hidesExplorerArrows changed, updating to false
[INFO 10:47:32] symbols.folders.associations changed, updating to undefined
[INFO 10:47:32] symbols.files.associations changed, updating to undefined
[INFO 10:48:23] symbols.hidesExplorerArrows changed, updating to false
[INFO 10:48:23] symbols.folders.associations changed, updating to undefined
[INFO 10:48:23] symbols.files.associations changed, updating to undefined
[INFO 10:48:45] symbols.hidesExplorerArrows changed, updating to false
[INFO 10:48:45] symbols.folders.associations changed, updating to undefined
[INFO 10:48:45] symbols.files.associations changed, updating to undefined
[INFO 10:49:57] symbols.hidesExplorerArrows changed, updating to false
[INFO 10:49:57] symbols.folders.associations changed, updating to undefined
[INFO 10:49:57] symbols.files.associations changed, updating to undefined
[INFO 10:50:07] symbols.hidesExplorerArrows changed, updating to false
[INFO 10:50:07] symbols.folders.associations changed, updating to undefined
[INFO 10:50:07] symbols.files.associations changed, updating to undefined
[INFO 10:50:08] symbols.hidesExplorerArrows changed, updating to false
[INFO 10:50:08] symbols.folders.associations changed, updating to undefined
[INFO 10:50:08] symbols.files.associations changed, updating to undefined
[INFO 10:50:44] symbols.hidesExplorerArrows changed, updating to false
[INFO 10:50:44] symbols.folders.associations changed, updating to undefined
[INFO 10:50:44] symbols.files.associations changed, updating to undefined
[INFO 10:52:32] symbols.hidesExplorerArrows changed, updating to false
[INFO 10:52:32] symbols.folders.associations changed, updating to undefined
[INFO 10:52:32] symbols.files.associations changed, updating to undefined
[INFO 11:25:49] symbols.hidesExplorerArrows changed, updating to false
[INFO 11:25:49] symbols.folders.associations changed, updating to undefined
[INFO 11:25:49] symbols.files.associations changed, updating to undefined
[INFO 11:27:45] symbols.hidesExplorerArrows changed, updating to false
[INFO 11:27:45] symbols.folders.associations changed, updating to undefined
[INFO 11:27:45] symbols.files.associations changed, updating to undefined
[INFO 12:22:54] symbols.hidesExplorerArrows changed, updating to false
[INFO 12:22:54] symbols.folders.associations changed, updating to undefined
[INFO 12:22:54] symbols.files.associations changed, updating to undefined
[INFO 12:26:50] symbols.hidesExplorerArrows changed, updating to false
[INFO 12:26:50] symbols.folders.associations changed, updating to undefined
[INFO 12:26:50] symbols.files.associations changed, updating to undefined
[INFO 12:33:03] symbols.hidesExplorerArrows changed, updating to false
[INFO 12:33:03] symbols.folders.associations changed, updating to undefined
[INFO 12:33:03] symbols.files.associations changed, updating to undefined
[INFO 12:33:03] symbols.hidesExplorerArrows changed, updating to false
[INFO 12:33:03] symbols.folders.associations changed, updating to undefined
[INFO 12:33:03] symbols.files.associations changed, updating to undefined
[INFO 12:33:37] symbols.hidesExplorerArrows changed, updating to false
[INFO 12:33:37] symbols.folders.associations changed, updating to undefined
[INFO 12:33:37] symbols.files.associations changed, updating to undefined
[INFO 12:34:09] symbols.hidesExplorerArrows changed, updating to false
[INFO 12:34:09] symbols.folders.associations changed, updating to undefined
[INFO 12:34:09] symbols.files.associations changed, updating to undefined
[INFO 12:37:19] symbols.hidesExplorerArrows changed, updating to false
[INFO 12:37:19] symbols.folders.associations changed, updating to undefined
[INFO 12:37:19] symbols.files.associations changed, updating to undefined
[INFO 12:37:19] symbols.hidesExplorerArrows changed, updating to false
[INFO 12:37:19] symbols.folders.associations changed, updating to undefined
[INFO 12:37:19] symbols.files.associations changed, updating to undefined
[INFO 12:37:20] symbols.hidesExplorerArrows changed, updating to false
[INFO 12:37:20] symbols.folders.associations changed, updating to undefined
[INFO 12:37:20] symbols.files.associations changed, updating to undefined
[INFO 12:37:21] symbols.hidesExplorerArrows changed, updating to false
[INFO 12:37:21] symbols.folders.associations changed, updating to undefined
[INFO 12:37:21] symbols.files.associations changed, updating to undefined
[INFO 12:37:32] symbols.hidesExplorerArrows changed, updating to false
[INFO 12:37:32] symbols.folders.associations changed, updating to undefined
[INFO 12:37:32] symbols.files.associations changed, updating to undefined
[INFO 12:37:42] symbols.hidesExplorerArrows changed, updating to false
[INFO 12:37:42] symbols.folders.associations changed, updating to undefined
[INFO 12:37:42] symbols.files.associations changed, updating to undefined
[INFO 12:37:59] symbols.hidesExplorerArrows changed, updating to false
[INFO 12:37:59] symbols.folders.associations changed, updating to undefined
[INFO 12:37:59] symbols.files.associations changed, updating to undefined
[INFO 12:38:53] symbols.hidesExplorerArrows changed, updating to false
[INFO 12:38:53] symbols.folders.associations changed, updating to undefined
[INFO 12:38:53] symbols.files.associations changed, updating to undefined
[INFO 12:39:53] symbols.hidesExplorerArrows changed, updating to false
[INFO 12:39:53] symbols.folders.associations changed, updating to undefined
[INFO 12:39:53] symbols.files.associations changed, updating to undefined
[INFO 12:39:55] symbols.hidesExplorerArrows changed, updating to false
[INFO 12:39:55] symbols.folders.associations changed, updating to undefined
[INFO 12:39:55] symbols.files.associations changed, updating to undefined
[INFO 12:40:01] symbols.hidesExplorerArrows changed, updating to false
[INFO 12:40:01] symbols.folders.associations changed, updating to undefined
[INFO 12:40:01] symbols.files.associations changed, updating to undefined
[INFO 12:40:14] symbols.hidesExplorerArrows changed, updating to false
[INFO 12:40:14] symbols.folders.associations changed, updating to undefined
[INFO 12:40:14] symbols.files.associations changed, updating to undefined
[INFO 12:40:56] symbols.hidesExplorerArrows changed, updating to false
[INFO 12:40:56] symbols.folders.associations changed, updating to undefined
[INFO 12:40:56] symbols.files.associations changed, updating to undefined
[INFO 12:41:07] symbols.hidesExplorerArrows changed, updating to false
[INFO 12:41:07] symbols.folders.associations changed, updating to undefined
[INFO 12:41:07] symbols.files.associations changed, updating to undefined
[INFO 12:41:19] symbols.hidesExplorerArrows changed, updating to false
[INFO 12:41:19] symbols.folders.associations changed, updating to undefined
[INFO 12:41:19] symbols.files.associations changed, updating to undefined
[INFO 12:41:34] symbols.hidesExplorerArrows changed, updating to false
[INFO 12:41:34] symbols.folders.associations changed, updating to undefined
[INFO 12:41:34] symbols.files.associations changed, updating to undefined
[INFO 12:42:55] symbols.hidesExplorerArrows changed, updating to false
[INFO 12:42:55] symbols.folders.associations changed, updating to undefined
[INFO 12:42:55] symbols.files.associations changed, updating to undefined
[INFO 12:42:56] symbols.hidesExplorerArrows changed, updating to false
[INFO 12:42:56] symbols.folders.associations changed, updating to undefined
[INFO 12:42:56] symbols.files.associations changed, updating to undefined
[INFO 12:46:11] symbols.hidesExplorerArrows changed, updating to false
[INFO 12:46:11] symbols.folders.associations changed, updating to undefined
[INFO 12:46:11] symbols.files.associations changed, updating to undefined
[INFO 12:46:12] symbols.hidesExplorerArrows changed, updating to false
[INFO 12:46:12] symbols.folders.associations changed, updating to undefined
[INFO 12:46:12] symbols.files.associations changed, updating to undefined
[INFO 12:46:14] symbols.hidesExplorerArrows changed, updating to false
[INFO 12:46:14] symbols.folders.associations changed, updating to undefined
[INFO 12:46:14] symbols.files.associations changed, updating to undefined
[INFO 12:47:09] symbols.hidesExplorerArrows changed, updating to false
[INFO 12:47:09] symbols.folders.associations changed, updating to undefined
[INFO 12:47:09] symbols.files.associations changed, updating to undefined
[INFO 12:48:00] symbols.hidesExplorerArrows changed, updating to false
[INFO 12:48:00] symbols.folders.associations changed, updating to undefined
[INFO 12:48:00] symbols.files.associations changed, updating to undefined
[INFO 12:48:54] symbols.hidesExplorerArrows changed, updating to false
[INFO 12:48:54] symbols.folders.associations changed, updating to undefined
[INFO 12:48:54] symbols.files.associations changed, updating to undefined
[INFO 12:48:56] symbols.hidesExplorerArrows changed, updating to false
[INFO 12:48:56] symbols.folders.associations changed, updating to undefined
[INFO 12:48:56] symbols.files.associations changed, updating to undefined
[INFO 12:49:08] symbols.hidesExplorerArrows changed, updating to false
[INFO 12:49:08] symbols.folders.associations changed, updating to undefined
[INFO 12:49:08] symbols.files.associations changed, updating to undefined
[INFO 12:49:56] symbols.hidesExplorerArrows changed, updating to false
[INFO 12:49:56] symbols.folders.associations changed, updating to undefined
[INFO 12:49:56] symbols.files.associations changed, updating to undefined
[INFO 12:50:44] symbols.hidesExplorerArrows changed, updating to false
[INFO 12:50:44] symbols.folders.associations changed, updating to undefined
[INFO 12:50:44] symbols.files.associations changed, updating to undefined
[INFO 12:55:30] symbols.hidesExplorerArrows changed, updating to false
[INFO 12:55:30] symbols.folders.associations changed, updating to undefined
[INFO 12:55:30] symbols.files.associations changed, updating to undefined
[INFO 12:55:31] symbols.hidesExplorerArrows changed, updating to false
[INFO 12:55:31] symbols.folders.associations changed, updating to undefined
[INFO 12:55:31] symbols.files.associations changed, updating to undefined
[INFO 12:55:31] symbols.hidesExplorerArrows changed, updating to false
[INFO 12:55:31] symbols.folders.associations changed, updating to undefined
[INFO 12:55:31] symbols.files.associations changed, updating to undefined
[INFO 12:55:31] symbols.hidesExplorerArrows changed, updating to false
[INFO 12:55:31] symbols.folders.associations changed, updating to undefined
[INFO 12:55:31] symbols.files.associations changed, updating to undefined
[INFO 12:55:32] symbols.hidesExplorerArrows changed, updating to false
[INFO 12:55:32] symbols.folders.associations changed, updating to undefined
[INFO 12:55:32] symbols.files.associations changed, updating to undefined
[INFO 12:55:32] symbols.hidesExplorerArrows changed, updating to false
[INFO 12:55:32] symbols.folders.associations changed, updating to undefined
[INFO 12:55:32] symbols.files.associations changed, updating to undefined
[INFO 13:02:04] symbols.hidesExplorerArrows changed, updating to false
[INFO 13:02:04] symbols.folders.associations changed, updating to undefined
[INFO 13:02:04] symbols.files.associations changed, updating to undefined
[INFO 13:08:21] symbols.hidesExplorerArrows changed, updating to false
[INFO 13:08:21] symbols.folders.associations changed, updating to undefined
[INFO 13:08:21] symbols.files.associations changed, updating to undefined
[INFO 13:08:22] symbols.hidesExplorerArrows changed, updating to false
[INFO 13:08:22] symbols.folders.associations changed, updating to undefined
[INFO 13:08:22] symbols.files.associations changed, updating to undefined
[INFO 13:08:47] symbols.hidesExplorerArrows changed, updating to false
[INFO 13:08:47] symbols.folders.associations changed, updating to undefined
[INFO 13:08:47] symbols.files.associations changed, updating to undefined
[INFO 13:10:35] symbols.hidesExplorerArrows changed, updating to false
[INFO 13:10:35] symbols.folders.associations changed, updating to undefined
[INFO 13:10:35] symbols.files.associations changed, updating to undefined
[INFO 13:10:36] symbols.hidesExplorerArrows changed, updating to false
[INFO 13:10:36] symbols.folders.associations changed, updating to undefined
[INFO 13:10:36] symbols.files.associations changed, updating to undefined
[INFO 13:10:51] symbols.hidesExplorerArrows changed, updating to false
[INFO 13:10:51] symbols.folders.associations changed, updating to undefined
[INFO 13:10:51] symbols.files.associations changed, updating to undefined
[INFO 13:11:00] symbols.hidesExplorerArrows changed, updating to false
[INFO 13:11:00] symbols.folders.associations changed, updating to undefined
[INFO 13:11:00] symbols.files.associations changed, updating to undefined
[INFO 13:11:04] symbols.hidesExplorerArrows changed, updating to false
[INFO 13:11:04] symbols.folders.associations changed, updating to undefined
[INFO 13:11:04] symbols.files.associations changed, updating to undefined
[INFO 13:11:37] symbols.hidesExplorerArrows changed, updating to false
[INFO 13:11:37] symbols.folders.associations changed, updating to undefined
[INFO 13:11:37] symbols.files.associations changed, updating to undefined
[INFO 13:11:55] symbols.hidesExplorerArrows changed, updating to false
[INFO 13:11:55] symbols.folders.associations changed, updating to undefined
[INFO 13:11:55] symbols.files.associations changed, updating to undefined
[INFO 13:12:08] symbols.hidesExplorerArrows changed, updating to false
[INFO 13:12:08] symbols.folders.associations changed, updating to undefined
[INFO 13:12:08] symbols.files.associations changed, updating to undefined
[INFO 13:12:31] symbols.hidesExplorerArrows changed, updating to false
[INFO 13:12:31] symbols.folders.associations changed, updating to undefined
[INFO 13:12:31] symbols.files.associations changed, updating to undefined
[INFO 13:12:33] symbols.hidesExplorerArrows changed, updating to false
[INFO 13:12:33] symbols.folders.associations changed, updating to undefined
[INFO 13:12:33] symbols.files.associations changed, updating to undefined
[INFO 13:12:34] symbols.hidesExplorerArrows changed, updating to false
[INFO 13:12:34] symbols.folders.associations changed, updating to undefined
[INFO 13:12:34] symbols.files.associations changed, updating to undefined
[INFO 13:14:09] symbols.hidesExplorerArrows changed, updating to false
[INFO 13:14:09] symbols.folders.associations changed, updating to undefined
[INFO 13:14:09] symbols.files.associations changed, updating to undefined
[INFO 13:14:12] symbols.hidesExplorerArrows changed, updating to false
[INFO 13:14:12] symbols.folders.associations changed, updating to undefined
[INFO 13:14:12] symbols.files.associations changed, updating to undefined
[INFO 13:14:19] symbols.hidesExplorerArrows changed, updating to false
[INFO 13:14:19] symbols.folders.associations changed, updating to undefined
[INFO 13:14:19] symbols.files.associations changed, updating to undefined
[INFO 13:14:22] symbols.hidesExplorerArrows changed, updating to false
[INFO 13:14:22] symbols.folders.associations changed, updating to undefined
[INFO 13:14:22] symbols.files.associations changed, updating to undefined
[INFO 13:14:22] symbols.hidesExplorerArrows changed, updating to false
[INFO 13:14:22] symbols.folders.associations changed, updating to undefined
[INFO 13:14:22] symbols.files.associations changed, updating to undefined
[INFO 13:14:26] symbols.hidesExplorerArrows changed, updating to false
[INFO 13:14:26] symbols.folders.associations changed, updating to undefined
[INFO 13:14:26] symbols.files.associations changed, updating to undefined
[INFO 13:14:38] symbols.hidesExplorerArrows changed, updating to false
[INFO 13:14:38] symbols.folders.associations changed, updating to undefined
[INFO 13:14:38] symbols.files.associations changed, updating to undefined
[INFO 13:15:22] symbols.hidesExplorerArrows changed, updating to false
[INFO 13:15:22] symbols.folders.associations changed, updating to undefined
[INFO 13:15:22] symbols.files.associations changed, updating to undefined
[INFO 13:20:27] symbols.hidesExplorerArrows changed, updating to false
[INFO 13:20:27] symbols.folders.associations changed, updating to undefined
[INFO 13:20:27] symbols.files.associations changed, updating to undefined
[INFO 13:20:30] symbols.hidesExplorerArrows changed, updating to false
[INFO 13:20:30] symbols.folders.associations changed, updating to undefined
[INFO 13:20:30] symbols.files.associations changed, updating to undefined
[INFO 13:20:47] symbols.hidesExplorerArrows changed, updating to false
[INFO 13:20:47] symbols.folders.associations changed, updating to undefined
[INFO 13:20:47] symbols.files.associations changed, updating to undefined
[INFO 13:20:54] symbols.hidesExplorerArrows changed, updating to false
[INFO 13:20:54] symbols.folders.associations changed, updating to undefined
[INFO 13:20:54] symbols.files.associations changed, updating to undefined
[INFO 13:21:04] symbols.hidesExplorerArrows changed, updating to false
[INFO 13:21:04] symbols.folders.associations changed, updating to undefined
[INFO 13:21:04] symbols.files.associations changed, updating to undefined
[INFO 13:21:18] symbols.hidesExplorerArrows changed, updating to false
[INFO 13:21:18] symbols.folders.associations changed, updating to undefined
[INFO 13:21:18] symbols.files.associations changed, updating to undefined
[INFO 13:22:39] symbols.hidesExplorerArrows changed, updating to false
[INFO 13:22:39] symbols.folders.associations changed, updating to undefined
[INFO 13:22:39] symbols.files.associations changed, updating to undefined
[INFO 13:22:40] symbols.hidesExplorerArrows changed, updating to false
[INFO 13:22:40] symbols.folders.associations changed, updating to undefined
[INFO 13:22:40] symbols.files.associations changed, updating to undefined
[INFO 13:22:58] symbols.hidesExplorerArrows changed, updating to false
[INFO 13:22:58] symbols.folders.associations changed, updating to undefined
[INFO 13:22:58] symbols.files.associations changed, updating to undefined
[INFO 13:23:02] symbols.hidesExplorerArrows changed, updating to false
[INFO 13:23:02] symbols.folders.associations changed, updating to undefined
[INFO 13:23:02] symbols.files.associations changed, updating to undefined
[INFO 13:23:06] symbols.hidesExplorerArrows changed, updating to false
[INFO 13:23:06] symbols.folders.associations changed, updating to undefined
[INFO 13:23:06] symbols.files.associations changed, updating to undefined
[INFO 13:25:21] symbols.hidesExplorerArrows changed, updating to false
[INFO 13:25:21] symbols.folders.associations changed, updating to undefined
[INFO 13:25:21] symbols.files.associations changed, updating to undefined
[INFO 13:25:23] symbols.hidesExplorerArrows changed, updating to false
[INFO 13:25:23] symbols.folders.associations changed, updating to undefined
[INFO 13:25:23] symbols.files.associations changed, updating to undefined
[INFO 13:25:26] symbols.hidesExplorerArrows changed, updating to false
[INFO 13:25:26] symbols.folders.associations changed, updating to undefined
[INFO 13:25:26] symbols.files.associations changed, updating to undefined
[INFO 13:25:30] symbols.hidesExplorerArrows changed, updating to false
[INFO 13:25:30] symbols.folders.associations changed, updating to undefined
[INFO 13:25:30] symbols.files.associations changed, updating to undefined
[INFO 13:25:56] symbols.hidesExplorerArrows changed, updating to false
[INFO 13:25:56] symbols.folders.associations changed, updating to undefined
[INFO 13:25:56] symbols.files.associations changed, updating to undefined
[INFO 13:25:57] symbols.hidesExplorerArrows changed, updating to false
[INFO 13:25:57] symbols.folders.associations changed, updating to undefined
[INFO 13:25:57] symbols.files.associations changed, updating to undefined
[INFO 13:26:01] symbols.hidesExplorerArrows changed, updating to false
[INFO 13:26:01] symbols.folders.associations changed, updating to undefined
[INFO 13:26:01] symbols.files.associations changed, updating to undefined
[INFO 13:28:22] symbols.hidesExplorerArrows changed, updating to false
[INFO 13:28:22] symbols.folders.associations changed, updating to undefined
[INFO 13:28:22] symbols.files.associations changed, updating to undefined
[INFO 13:28:25] symbols.hidesExplorerArrows changed, updating to false
[INFO 13:28:25] symbols.folders.associations changed, updating to undefined
[INFO 13:28:25] symbols.files.associations changed, updating to undefined
[INFO 13:28:34] symbols.hidesExplorerArrows changed, updating to false
[INFO 13:28:34] symbols.folders.associations changed, updating to undefined
[INFO 13:28:34] symbols.files.associations changed, updating to undefined
[INFO 13:29:11] symbols.hidesExplorerArrows changed, updating to false
[INFO 13:29:11] symbols.folders.associations changed, updating to undefined
[INFO 13:29:11] symbols.files.associations changed, updating to undefined
[INFO 13:29:27] symbols.hidesExplorerArrows changed, updating to false
[INFO 13:29:27] symbols.folders.associations changed, updating to undefined
[INFO 13:29:27] symbols.files.associations changed, updating to undefined
[INFO 13:29:41] symbols.hidesExplorerArrows changed, updating to false
[INFO 13:29:41] symbols.folders.associations changed, updating to undefined
[INFO 13:29:41] symbols.files.associations changed, updating to undefined
[INFO 13:30:04] symbols.hidesExplorerArrows changed, updating to false
[INFO 13:30:04] symbols.folders.associations changed, updating to undefined
[INFO 13:30:04] symbols.files.associations changed, updating to undefined
[INFO 13:30:05] symbols.hidesExplorerArrows changed, updating to false
[INFO 13:30:05] symbols.folders.associations changed, updating to undefined
[INFO 13:30:05] symbols.files.associations changed, updating to undefined
[INFO 13:30:05] symbols.hidesExplorerArrows changed, updating to false
[INFO 13:30:05] symbols.folders.associations changed, updating to undefined
[INFO 13:30:05] symbols.files.associations changed, updating to undefined
[INFO 13:31:47] symbols.hidesExplorerArrows changed, updating to false
[INFO 13:31:47] symbols.folders.associations changed, updating to undefined
[INFO 13:31:47] symbols.files.associations changed, updating to undefined
[INFO 13:32:37] symbols.hidesExplorerArrows changed, updating to false
[INFO 13:32:37] symbols.folders.associations changed, updating to undefined
[INFO 13:32:37] symbols.files.associations changed, updating to undefined
[INFO 13:34:33] symbols.hidesExplorerArrows changed, updating to false
[INFO 13:34:33] symbols.folders.associations changed, updating to undefined
[INFO 13:34:33] symbols.files.associations changed, updating to undefined
[INFO 13:34:37] symbols.hidesExplorerArrows changed, updating to false
[INFO 13:34:37] symbols.folders.associations changed, updating to undefined
[INFO 13:34:37] symbols.files.associations changed, updating to undefined
[INFO 13:35:24] symbols.hidesExplorerArrows changed, updating to false
[INFO 13:35:24] symbols.folders.associations changed, updating to undefined
[INFO 13:35:24] symbols.files.associations changed, updating to undefined
[INFO 13:36:23] symbols.hidesExplorerArrows changed, updating to false
[INFO 13:36:23] symbols.folders.associations changed, updating to undefined
[INFO 13:36:23] symbols.files.associations changed, updating to undefined
[INFO 13:38:55] symbols.hidesExplorerArrows changed, updating to false
[INFO 13:38:55] symbols.folders.associations changed, updating to undefined
[INFO 13:38:55] symbols.files.associations changed, updating to undefined
[INFO 13:38:58] symbols.hidesExplorerArrows changed, updating to false
[INFO 13:38:58] symbols.folders.associations changed, updating to undefined
[INFO 13:38:58] symbols.files.associations changed, updating to undefined
[INFO 13:38:58] symbols.hidesExplorerArrows changed, updating to false
[INFO 13:38:58] symbols.folders.associations changed, updating to undefined
[INFO 13:38:58] symbols.files.associations changed, updating to undefined
[INFO 13:39:07] symbols.hidesExplorerArrows changed, updating to false
[INFO 13:39:07] symbols.folders.associations changed, updating to undefined
[INFO 13:39:07] symbols.files.associations changed, updating to undefined
[INFO 13:39:24] symbols.hidesExplorerArrows changed, updating to false
[INFO 13:39:24] symbols.folders.associations changed, updating to undefined
[INFO 13:39:24] symbols.files.associations changed, updating to undefined
[INFO 13:39:44] symbols.hidesExplorerArrows changed, updating to false
[INFO 13:39:44] symbols.folders.associations changed, updating to undefined
[INFO 13:39:44] symbols.files.associations changed, updating to undefined
[INFO 13:40:03] symbols.hidesExplorerArrows changed, updating to false
[INFO 13:40:03] symbols.folders.associations changed, updating to undefined
[INFO 13:40:03] symbols.files.associations changed, updating to undefined
[INFO 13:40:21] symbols.hidesExplorerArrows changed, updating to false
[INFO 13:40:21] symbols.folders.associations changed, updating to undefined
[INFO 13:40:21] symbols.files.associations changed, updating to undefined
[INFO 13:40:30] symbols.hidesExplorerArrows changed, updating to false
[INFO 13:40:30] symbols.folders.associations changed, updating to undefined
[INFO 13:40:30] symbols.files.associations changed, updating to undefined
[INFO 13:41:27] symbols.hidesExplorerArrows changed, updating to false
[INFO 13:41:27] symbols.folders.associations changed, updating to undefined
[INFO 13:41:27] symbols.files.associations changed, updating to undefined
[INFO 13:41:51] symbols.hidesExplorerArrows changed, updating to false
[INFO 13:41:51] symbols.folders.associations changed, updating to undefined
[INFO 13:41:51] symbols.files.associations changed, updating to undefined
[INFO 13:42:07] symbols.hidesExplorerArrows changed, updating to false
[INFO 13:42:07] symbols.folders.associations changed, updating to undefined
[INFO 13:42:07] symbols.files.associations changed, updating to undefined
[INFO 13:42:17] symbols.hidesExplorerArrows changed, updating to false
[INFO 13:42:17] symbols.folders.associations changed, updating to undefined
[INFO 13:42:17] symbols.files.associations changed, updating to undefined
[INFO 13:42:28] symbols.hidesExplorerArrows changed, updating to false
[INFO 13:42:28] symbols.folders.associations changed, updating to undefined
[INFO 13:42:28] symbols.files.associations changed, updating to undefined
[INFO 13:42:45] symbols.hidesExplorerArrows changed, updating to false
[INFO 13:42:45] symbols.folders.associations changed, updating to undefined
[INFO 13:42:45] symbols.files.associations changed, updating to undefined
[INFO 13:42:45] symbols.hidesExplorerArrows changed, updating to false
[INFO 13:42:45] symbols.folders.associations changed, updating to undefined
[INFO 13:42:45] symbols.files.associations changed, updating to undefined
[INFO 13:42:50] symbols.hidesExplorerArrows changed, updating to false
[INFO 13:42:50] symbols.folders.associations changed, updating to undefined
[INFO 13:42:50] symbols.files.associations changed, updating to undefined
[INFO 13:43:35] symbols.hidesExplorerArrows changed, updating to false
[INFO 13:43:35] symbols.folders.associations changed, updating to undefined
[INFO 13:43:35] symbols.files.associations changed, updating to undefined
[INFO 13:43:44] symbols.hidesExplorerArrows changed, updating to false
[INFO 13:43:44] symbols.folders.associations changed, updating to undefined
[INFO 13:43:44] symbols.files.associations changed, updating to undefined
[INFO 13:43:47] symbols.hidesExplorerArrows changed, updating to false
[INFO 13:43:47] symbols.folders.associations changed, updating to undefined
[INFO 13:43:47] symbols.files.associations changed, updating to undefined
[INFO 13:44:10] symbols.hidesExplorerArrows changed, updating to false
[INFO 13:44:10] symbols.folders.associations changed, updating to undefined
[INFO 13:44:10] symbols.files.associations changed, updating to undefined
[INFO 13:44:36] symbols.hidesExplorerArrows changed, updating to false
[INFO 13:44:36] symbols.folders.associations changed, updating to undefined
[INFO 13:44:36] symbols.files.associations changed, updating to undefined
[INFO 13:44:52] symbols.hidesExplorerArrows changed, updating to false
[INFO 13:44:52] symbols.folders.associations changed, updating to undefined
[INFO 13:44:52] symbols.files.associations changed, updating to undefined
[INFO 13:45:35] symbols.hidesExplorerArrows changed, updating to false
[INFO 13:45:35] symbols.folders.associations changed, updating to undefined
[INFO 13:45:35] symbols.files.associations changed, updating to undefined
[INFO 13:45:54] symbols.hidesExplorerArrows changed, updating to false
[INFO 13:45:54] symbols.folders.associations changed, updating to undefined
[INFO 13:45:54] symbols.files.associations changed, updating to undefined
[INFO 13:57:46] symbols.hidesExplorerArrows changed, updating to false
[INFO 13:57:46] symbols.folders.associations changed, updating to undefined
[INFO 13:57:46] symbols.files.associations changed, updating to undefined
[INFO 13:59:15] symbols.hidesExplorerArrows changed, updating to false
[INFO 13:59:15] symbols.folders.associations changed, updating to undefined
[INFO 13:59:15] symbols.files.associations changed, updating to undefined
[INFO 13:59:19] symbols.hidesExplorerArrows changed, updating to false
[INFO 13:59:19] symbols.folders.associations changed, updating to undefined
[INFO 13:59:19] symbols.files.associations changed, updating to undefined
[INFO 13:59:37] symbols.hidesExplorerArrows changed, updating to false
[INFO 13:59:37] symbols.folders.associations changed, updating to undefined
[INFO 13:59:37] symbols.files.associations changed, updating to undefined
[INFO 13:59:45] symbols.hidesExplorerArrows changed, updating to false
[INFO 13:59:45] symbols.folders.associations changed, updating to undefined
[INFO 13:59:45] symbols.files.associations changed, updating to undefined
[INFO 14:00:03] symbols.hidesExplorerArrows changed, updating to false
[INFO 14:00:03] symbols.folders.associations changed, updating to undefined
[INFO 14:00:03] symbols.files.associations changed, updating to undefined
[INFO 14:00:29] symbols.hidesExplorerArrows changed, updating to false
[INFO 14:00:29] symbols.folders.associations changed, updating to undefined
[INFO 14:00:29] symbols.files.associations changed, updating to undefined
[INFO 14:00:53] symbols.hidesExplorerArrows changed, updating to false
[INFO 14:00:53] symbols.folders.associations changed, updating to undefined
[INFO 14:00:53] symbols.files.associations changed, updating to undefined
[INFO 14:00:57] symbols.hidesExplorerArrows changed, updating to false
[INFO 14:00:57] symbols.folders.associations changed, updating to undefined
[INFO 14:00:57] symbols.files.associations changed, updating to undefined
[INFO 14:01:01] symbols.hidesExplorerArrows changed, updating to false
[INFO 14:01:01] symbols.folders.associations changed, updating to undefined
[INFO 14:01:01] symbols.files.associations changed, updating to undefined
[INFO 14:01:02] symbols.hidesExplorerArrows changed, updating to false
[INFO 14:01:02] symbols.folders.associations changed, updating to undefined
[INFO 14:01:02] symbols.files.associations changed, updating to undefined
[INFO 14:01:15] symbols.hidesExplorerArrows changed, updating to false
[INFO 14:01:15] symbols.folders.associations changed, updating to undefined
[INFO 14:01:15] symbols.files.associations changed, updating to undefined
[INFO 14:01:22] symbols.hidesExplorerArrows changed, updating to false
[INFO 14:01:22] symbols.folders.associations changed, updating to undefined
[INFO 14:01:22] symbols.files.associations changed, updating to undefined
[INFO 14:01:34] symbols.hidesExplorerArrows changed, updating to false
[INFO 14:01:34] symbols.folders.associations changed, updating to undefined
[INFO 14:01:34] symbols.files.associations changed, updating to undefined
[INFO 14:01:56] symbols.hidesExplorerArrows changed, updating to false
[INFO 14:01:56] symbols.folders.associations changed, updating to undefined
[INFO 14:01:56] symbols.files.associations changed, updating to undefined
[INFO 14:02:41] symbols.hidesExplorerArrows changed, updating to false
[INFO 14:02:41] symbols.folders.associations changed, updating to undefined
[INFO 14:02:41] symbols.files.associations changed, updating to undefined
[INFO 14:02:49] symbols.hidesExplorerArrows changed, updating to false
[INFO 14:02:49] symbols.folders.associations changed, updating to undefined
[INFO 14:02:49] symbols.files.associations changed, updating to undefined
[INFO 14:03:00] symbols.hidesExplorerArrows changed, updating to false
[INFO 14:03:00] symbols.folders.associations changed, updating to undefined
[INFO 14:03:00] symbols.files.associations changed, updating to undefined
[INFO 14:06:01] symbols.hidesExplorerArrows changed, updating to false
[INFO 14:06:01] symbols.folders.associations changed, updating to undefined
[INFO 14:06:01] symbols.files.associations changed, updating to undefined
[INFO 14:06:02] symbols.hidesExplorerArrows changed, updating to false
[INFO 14:06:02] symbols.folders.associations changed, updating to undefined
[INFO 14:06:02] symbols.files.associations changed, updating to undefined
[INFO 14:06:13] symbols.hidesExplorerArrows changed, updating to false
[INFO 14:06:13] symbols.folders.associations changed, updating to undefined
[INFO 14:06:13] symbols.files.associations changed, updating to undefined
[INFO 14:06:27] symbols.hidesExplorerArrows changed, updating to false
[INFO 14:06:27] symbols.folders.associations changed, updating to undefined
[INFO 14:06:27] symbols.files.associations changed, updating to undefined
[INFO 14:06:27] symbols.hidesExplorerArrows changed, updating to false
[INFO 14:06:27] symbols.folders.associations changed, updating to undefined
[INFO 14:06:27] symbols.files.associations changed, updating to undefined
[INFO 14:06:33] symbols.hidesExplorerArrows changed, updating to false
[INFO 14:06:33] symbols.folders.associations changed, updating to undefined
[INFO 14:06:33] symbols.files.associations changed, updating to undefined
[INFO 14:09:09] symbols.hidesExplorerArrows changed, updating to false
[INFO 14:09:09] symbols.folders.associations changed, updating to undefined
[INFO 14:09:09] symbols.files.associations changed, updating to undefined
[INFO 14:09:13] symbols.hidesExplorerArrows changed, updating to false
[INFO 14:09:13] symbols.folders.associations changed, updating to undefined
[INFO 14:09:13] symbols.files.associations changed, updating to undefined
[INFO 14:09:14] symbols.hidesExplorerArrows changed, updating to false
[INFO 14:09:14] symbols.folders.associations changed, updating to undefined
[INFO 14:09:14] symbols.files.associations changed, updating to undefined
[INFO 14:09:34] symbols.hidesExplorerArrows changed, updating to false
[INFO 14:09:34] symbols.folders.associations changed, updating to undefined
[INFO 14:09:34] symbols.files.associations changed, updating to undefined
[INFO 14:09:37] symbols.hidesExplorerArrows changed, updating to false
[INFO 14:09:37] symbols.folders.associations changed, updating to undefined
[INFO 14:09:37] symbols.files.associations changed, updating to undefined
[INFO 14:12:32] symbols.hidesExplorerArrows changed, updating to false
[INFO 14:12:32] symbols.folders.associations changed, updating to undefined
[INFO 14:12:32] symbols.files.associations changed, updating to undefined
[INFO 14:12:35] symbols.hidesExplorerArrows changed, updating to false
[INFO 14:12:35] symbols.folders.associations changed, updating to undefined
[INFO 14:12:35] symbols.files.associations changed, updating to undefined
[INFO 14:14:03] symbols.hidesExplorerArrows changed, updating to false
[INFO 14:14:03] symbols.folders.associations changed, updating to undefined
[INFO 14:14:03] symbols.files.associations changed, updating to undefined
[INFO 14:14:29] symbols.hidesExplorerArrows changed, updating to false
[INFO 14:14:29] symbols.folders.associations changed, updating to undefined
[INFO 14:14:29] symbols.files.associations changed, updating to undefined
[INFO 14:15:25] symbols.hidesExplorerArrows changed, updating to false
[INFO 14:15:25] symbols.folders.associations changed, updating to undefined
[INFO 14:15:25] symbols.files.associations changed, updating to undefined
[INFO 14:15:29] symbols.hidesExplorerArrows changed, updating to false
[INFO 14:15:29] symbols.folders.associations changed, updating to undefined
[INFO 14:15:29] symbols.files.associations changed, updating to undefined
[INFO 14:15:29] symbols.hidesExplorerArrows changed, updating to false
[INFO 14:15:29] symbols.folders.associations changed, updating to undefined
[INFO 14:15:29] symbols.files.associations changed, updating to undefined
[INFO 14:16:16] symbols.hidesExplorerArrows changed, updating to false
[INFO 14:16:16] symbols.folders.associations changed, updating to undefined
[INFO 14:16:16] symbols.files.associations changed, updating to undefined
[INFO 14:16:21] symbols.hidesExplorerArrows changed, updating to false
[INFO 14:16:21] symbols.folders.associations changed, updating to undefined
[INFO 14:16:21] symbols.files.associations changed, updating to undefined
[INFO 14:16:43] symbols.hidesExplorerArrows changed, updating to false
[INFO 14:16:43] symbols.folders.associations changed, updating to undefined
[INFO 14:16:43] symbols.files.associations changed, updating to undefined
[INFO 14:16:49] symbols.hidesExplorerArrows changed, updating to false
[INFO 14:16:49] symbols.folders.associations changed, updating to undefined
[INFO 14:16:49] symbols.files.associations changed, updating to undefined
[INFO 14:16:50] symbols.hidesExplorerArrows changed, updating to false
[INFO 14:16:50] symbols.folders.associations changed, updating to undefined
[INFO 14:16:50] symbols.files.associations changed, updating to undefined
[INFO 14:17:24] symbols.hidesExplorerArrows changed, updating to false
[INFO 14:17:24] symbols.folders.associations changed, updating to undefined
[INFO 14:17:24] symbols.files.associations changed, updating to undefined
[INFO 14:17:39] symbols.hidesExplorerArrows changed, updating to false
[INFO 14:17:39] symbols.folders.associations changed, updating to undefined
[INFO 14:17:39] symbols.files.associations changed, updating to undefined
[INFO 14:17:47] symbols.hidesExplorerArrows changed, updating to false
[INFO 14:17:47] symbols.folders.associations changed, updating to undefined
[INFO 14:17:47] symbols.files.associations changed, updating to undefined
[INFO 14:19:32] symbols.hidesExplorerArrows changed, updating to false
[INFO 14:19:32] symbols.folders.associations changed, updating to undefined
[INFO 14:19:32] symbols.files.associations changed, updating to undefined
[INFO 14:19:33] symbols.hidesExplorerArrows changed, updating to false
[INFO 14:19:33] symbols.folders.associations changed, updating to undefined
[INFO 14:19:33] symbols.files.associations changed, updating to undefined
[INFO 14:21:19] symbols.hidesExplorerArrows changed, updating to false
[INFO 14:21:19] symbols.folders.associations changed, updating to undefined
[INFO 14:21:19] symbols.files.associations changed, updating to undefined
[INFO 14:21:24] symbols.hidesExplorerArrows changed, updating to false
[INFO 14:21:24] symbols.folders.associations changed, updating to undefined
[INFO 14:21:24] symbols.files.associations changed, updating to undefined
[INFO 14:21:38] symbols.hidesExplorerArrows changed, updating to false
[INFO 14:21:38] symbols.folders.associations changed, updating to undefined
[INFO 14:21:38] symbols.files.associations changed, updating to undefined
[INFO 14:21:46] symbols.hidesExplorerArrows changed, updating to false
[INFO 14:21:46] symbols.folders.associations changed, updating to undefined
[INFO 14:21:46] symbols.files.associations changed, updating to undefined
[INFO 14:21:50] symbols.hidesExplorerArrows changed, updating to false
[INFO 14:21:50] symbols.folders.associations changed, updating to undefined
[INFO 14:21:50] symbols.files.associations changed, updating to undefined
[INFO 14:22:40] symbols.hidesExplorerArrows changed, updating to false
[INFO 14:22:40] symbols.folders.associations changed, updating to undefined
[INFO 14:22:40] symbols.files.associations changed, updating to undefined
[INFO 14:23:01] symbols.hidesExplorerArrows changed, updating to false
[INFO 14:23:01] symbols.folders.associations changed, updating to undefined
[INFO 14:23:01] symbols.files.associations changed, updating to undefined
[INFO 14:24:50] symbols.hidesExplorerArrows changed, updating to false
[INFO 14:24:50] symbols.folders.associations changed, updating to undefined
[INFO 14:24:50] symbols.files.associations changed, updating to undefined
[INFO 14:24:51] symbols.hidesExplorerArrows changed, updating to false
[INFO 14:24:51] symbols.folders.associations changed, updating to undefined
[INFO 14:24:51] symbols.files.associations changed, updating to undefined
[INFO 14:24:54] symbols.hidesExplorerArrows changed, updating to false
[INFO 14:24:54] symbols.folders.associations changed, updating to undefined
[INFO 14:24:54] symbols.files.associations changed, updating to undefined
[INFO 14:25:06] symbols.hidesExplorerArrows changed, updating to false
[INFO 14:25:06] symbols.folders.associations changed, updating to undefined
[INFO 14:25:06] symbols.files.associations changed, updating to undefined
[INFO 14:28:58] symbols.hidesExplorerArrows changed, updating to false
[INFO 14:28:58] symbols.folders.associations changed, updating to undefined
[INFO 14:28:58] symbols.files.associations changed, updating to undefined
[INFO 14:29:00] symbols.hidesExplorerArrows changed, updating to false
[INFO 14:29:00] symbols.folders.associations changed, updating to undefined
[INFO 14:29:00] symbols.files.associations changed, updating to undefined
[INFO 14:29:37] symbols.hidesExplorerArrows changed, updating to false
[INFO 14:29:37] symbols.folders.associations changed, updating to undefined
[INFO 14:29:37] symbols.files.associations changed, updating to undefined
[INFO 14:29:37] symbols.hidesExplorerArrows changed, updating to false
[INFO 14:29:37] symbols.folders.associations changed, updating to undefined
[INFO 14:29:37] symbols.files.associations changed, updating to undefined
[INFO 14:29:47] symbols.hidesExplorerArrows changed, updating to false
[INFO 14:29:47] symbols.folders.associations changed, updating to undefined
[INFO 14:29:47] symbols.files.associations changed, updating to undefined
[INFO 14:29:48] symbols.hidesExplorerArrows changed, updating to false
[INFO 14:29:48] symbols.folders.associations changed, updating to undefined
[INFO 14:29:48] symbols.files.associations changed, updating to undefined
[INFO 14:31:58] symbols.hidesExplorerArrows changed, updating to false
[INFO 14:31:58] symbols.folders.associations changed, updating to undefined
[INFO 14:31:58] symbols.files.associations changed, updating to undefined
[INFO 14:31:59] symbols.hidesExplorerArrows changed, updating to false
[INFO 14:31:59] symbols.folders.associations changed, updating to undefined
[INFO 14:31:59] symbols.files.associations changed, updating to undefined
[INFO 14:32:06] symbols.hidesExplorerArrows changed, updating to false
[INFO 14:32:06] symbols.folders.associations changed, updating to undefined
[INFO 14:32:06] symbols.files.associations changed, updating to undefined
[INFO 14:32:28] symbols.hidesExplorerArrows changed, updating to false
[INFO 14:32:28] symbols.folders.associations changed, updating to undefined
[INFO 14:32:28] symbols.files.associations changed, updating to undefined
[INFO 14:32:30] symbols.hidesExplorerArrows changed, updating to false
[INFO 14:32:30] symbols.folders.associations changed, updating to undefined
[INFO 14:32:30] symbols.files.associations changed, updating to undefined
[INFO 14:32:35] symbols.hidesExplorerArrows changed, updating to false
[INFO 14:32:35] symbols.folders.associations changed, updating to undefined
[INFO 14:32:35] symbols.files.associations changed, updating to undefined
[INFO 14:33:02] symbols.hidesExplorerArrows changed, updating to false
[INFO 14:33:02] symbols.folders.associations changed, updating to undefined
[INFO 14:33:02] symbols.files.associations changed, updating to undefined
[INFO 14:33:06] symbols.hidesExplorerArrows changed, updating to false
[INFO 14:33:06] symbols.folders.associations changed, updating to undefined
[INFO 14:33:06] symbols.files.associations changed, updating to undefined
[INFO 14:33:39] symbols.hidesExplorerArrows changed, updating to false
[INFO 14:33:39] symbols.folders.associations changed, updating to undefined
[INFO 14:33:39] symbols.files.associations changed, updating to undefined
[INFO 14:34:02] symbols.hidesExplorerArrows changed, updating to false
[INFO 14:34:02] symbols.folders.associations changed, updating to undefined
[INFO 14:34:02] symbols.files.associations changed, updating to undefined
[INFO 14:34:34] symbols.hidesExplorerArrows changed, updating to false
[INFO 14:34:34] symbols.folders.associations changed, updating to undefined
[INFO 14:34:34] symbols.files.associations changed, updating to undefined
[INFO 14:34:54] symbols.hidesExplorerArrows changed, updating to false
[INFO 14:34:54] symbols.folders.associations changed, updating to undefined
[INFO 14:34:54] symbols.files.associations changed, updating to undefined
[INFO 14:36:07] symbols.hidesExplorerArrows changed, updating to false
[INFO 14:36:07] symbols.folders.associations changed, updating to undefined
[INFO 14:36:07] symbols.files.associations changed, updating to undefined
[INFO 14:36:25] symbols.hidesExplorerArrows changed, updating to false
[INFO 14:36:25] symbols.folders.associations changed, updating to undefined
[INFO 14:36:25] symbols.files.associations changed, updating to undefined
[INFO 14:36:42] symbols.hidesExplorerArrows changed, updating to false
[INFO 14:36:42] symbols.folders.associations changed, updating to undefined
[INFO 14:36:42] symbols.files.associations changed, updating to undefined
[INFO 15:37:45] symbols.hidesExplorerArrows changed, updating to false
[INFO 15:37:45] symbols.folders.associations changed, updating to undefined
[INFO 15:37:45] symbols.files.associations changed, updating to undefined
[INFO 15:39:40] symbols.hidesExplorerArrows changed, updating to false
[INFO 15:39:40] symbols.folders.associations changed, updating to undefined
[INFO 15:39:40] symbols.files.associations changed, updating to undefined
[INFO 15:39:41] symbols.hidesExplorerArrows changed, updating to false
[INFO 15:39:41] symbols.folders.associations changed, updating to undefined
[INFO 15:39:41] symbols.files.associations changed, updating to undefined
[INFO 15:39:56] symbols.hidesExplorerArrows changed, updating to false
[INFO 15:39:56] symbols.folders.associations changed, updating to undefined
[INFO 15:39:56] symbols.files.associations changed, updating to undefined
[INFO 15:41:22] symbols.hidesExplorerArrows changed, updating to false
[INFO 15:41:22] symbols.folders.associations changed, updating to undefined
[INFO 15:41:22] symbols.files.associations changed, updating to undefined
[INFO 15:41:24] symbols.hidesExplorerArrows changed, updating to false
[INFO 15:41:24] symbols.folders.associations changed, updating to undefined
[INFO 15:41:24] symbols.files.associations changed, updating to undefined
[INFO 15:41:39] symbols.hidesExplorerArrows changed, updating to false
[INFO 15:41:39] symbols.folders.associations changed, updating to undefined
[INFO 15:41:39] symbols.files.associations changed, updating to undefined
[INFO 15:42:53] symbols.hidesExplorerArrows changed, updating to false
[INFO 15:42:53] symbols.folders.associations changed, updating to undefined
[INFO 15:42:53] symbols.files.associations changed, updating to undefined
[INFO 15:44:56] symbols.hidesExplorerArrows changed, updating to false
[INFO 15:44:56] symbols.folders.associations changed, updating to undefined
[INFO 15:44:56] symbols.files.associations changed, updating to undefined
[INFO 15:45:02] symbols.hidesExplorerArrows changed, updating to false
[INFO 15:45:02] symbols.folders.associations changed, updating to undefined
[INFO 15:45:02] symbols.files.associations changed, updating to undefined
[INFO 15:45:02] symbols.hidesExplorerArrows changed, updating to false
[INFO 15:45:02] symbols.folders.associations changed, updating to undefined
[INFO 15:45:02] symbols.files.associations changed, updating to undefined
[INFO 15:45:03] symbols.hidesExplorerArrows changed, updating to false
[INFO 15:45:03] symbols.folders.associations changed, updating to undefined
[INFO 15:45:03] symbols.files.associations changed, updating to undefined
[INFO 15:47:55] symbols.hidesExplorerArrows changed, updating to false
[INFO 15:47:55] symbols.folders.associations changed, updating to undefined
[INFO 15:47:55] symbols.files.associations changed, updating to undefined
[INFO 15:47:59] symbols.hidesExplorerArrows changed, updating to false
[INFO 15:47:59] symbols.folders.associations changed, updating to undefined
[INFO 15:47:59] symbols.files.associations changed, updating to undefined
[INFO 15:48:02] symbols.hidesExplorerArrows changed, updating to false
[INFO 15:48:02] symbols.folders.associations changed, updating to undefined
[INFO 15:48:02] symbols.files.associations changed, updating to undefined
[INFO 15:48:05] symbols.hidesExplorerArrows changed, updating to false
[INFO 15:48:05] symbols.folders.associations changed, updating to undefined
[INFO 15:48:05] symbols.files.associations changed, updating to undefined
[INFO 15:48:07] symbols.hidesExplorerArrows changed, updating to false
[INFO 15:48:07] symbols.folders.associations changed, updating to undefined
[INFO 15:48:07] symbols.files.associations changed, updating to undefined
[INFO 15:48:20] symbols.hidesExplorerArrows changed, updating to false
[INFO 15:48:20] symbols.folders.associations changed, updating to undefined
[INFO 15:48:20] symbols.files.associations changed, updating to undefined
[INFO 15:49:21] symbols.hidesExplorerArrows changed, updating to false
[INFO 15:49:21] symbols.folders.associations changed, updating to undefined
[INFO 15:49:21] symbols.files.associations changed, updating to undefined
[INFO 15:56:59] symbols.hidesExplorerArrows changed, updating to false
[INFO 15:56:59] symbols.folders.associations changed, updating to undefined
[INFO 15:56:59] symbols.files.associations changed, updating to undefined
[INFO 15:57:01] symbols.hidesExplorerArrows changed, updating to false
[INFO 15:57:01] symbols.folders.associations changed, updating to undefined
[INFO 15:57:01] symbols.files.associations changed, updating to undefined
[INFO 15:58:04] symbols.hidesExplorerArrows changed, updating to false
[INFO 15:58:04] symbols.folders.associations changed, updating to undefined
[INFO 15:58:04] symbols.files.associations changed, updating to undefined
[INFO 15:58:43] symbols.hidesExplorerArrows changed, updating to false
[INFO 15:58:43] symbols.folders.associations changed, updating to undefined
[INFO 15:58:43] symbols.files.associations changed, updating to undefined
[INFO 15:59:05] symbols.hidesExplorerArrows changed, updating to false
[INFO 15:59:05] symbols.folders.associations changed, updating to undefined
[INFO 15:59:05] symbols.files.associations changed, updating to undefined
[INFO 15:59:26] symbols.hidesExplorerArrows changed, updating to false
[INFO 15:59:26] symbols.folders.associations changed, updating to undefined
[INFO 15:59:26] symbols.files.associations changed, updating to undefined
[INFO 16:00:08] symbols.hidesExplorerArrows changed, updating to false
[INFO 16:00:08] symbols.folders.associations changed, updating to undefined
[INFO 16:00:08] symbols.files.associations changed, updating to undefined
[INFO 16:00:45] symbols.hidesExplorerArrows changed, updating to false
[INFO 16:00:45] symbols.folders.associations changed, updating to undefined
[INFO 16:00:45] symbols.files.associations changed, updating to undefined
[INFO 16:00:52] symbols.hidesExplorerArrows changed, updating to false
[INFO 16:00:52] symbols.folders.associations changed, updating to undefined
[INFO 16:00:52] symbols.files.associations changed, updating to undefined
[INFO 16:00:53] symbols.hidesExplorerArrows changed, updating to false
[INFO 16:00:53] symbols.folders.associations changed, updating to undefined
[INFO 16:00:53] symbols.files.associations changed, updating to undefined
[INFO 16:01:24] symbols.hidesExplorerArrows changed, updating to false
[INFO 16:01:24] symbols.folders.associations changed, updating to undefined
[INFO 16:01:24] symbols.files.associations changed, updating to undefined
[INFO 16:01:30] symbols.hidesExplorerArrows changed, updating to false
[INFO 16:01:30] symbols.folders.associations changed, updating to undefined
[INFO 16:01:30] symbols.files.associations changed, updating to undefined
[INFO 16:03:33] symbols.hidesExplorerArrows changed, updating to false
[INFO 16:03:33] symbols.folders.associations changed, updating to undefined
[INFO 16:03:33] symbols.files.associations changed, updating to undefined
[INFO 16:03:40] symbols.hidesExplorerArrows changed, updating to false
[INFO 16:03:40] symbols.folders.associations changed, updating to undefined
[INFO 16:03:40] symbols.files.associations changed, updating to undefined
[INFO 16:04:02] symbols.hidesExplorerArrows changed, updating to false
[INFO 16:04:02] symbols.folders.associations changed, updating to undefined
[INFO 16:04:02] symbols.files.associations changed, updating to undefined
[INFO 16:04:34] symbols.hidesExplorerArrows changed, updating to false
[INFO 16:04:34] symbols.folders.associations changed, updating to undefined
[INFO 16:04:34] symbols.files.associations changed, updating to undefined
[INFO 16:44:04] symbols.hidesExplorerArrows changed, updating to false
[INFO 16:44:04] symbols.folders.associations changed, updating to undefined
[INFO 16:44:04] symbols.files.associations changed, updating to undefined
[INFO 16:51:19] symbols.hidesExplorerArrows changed, updating to false
[INFO 16:51:19] symbols.folders.associations changed, updating to undefined
[INFO 16:51:19] symbols.files.associations changed, updating to undefined
[INFO 16:57:12] symbols.hidesExplorerArrows changed, updating to false
[INFO 16:57:12] symbols.folders.associations changed, updating to undefined
[INFO 16:57:12] symbols.files.associations changed, updating to undefined
[INFO 16:57:13] symbols.hidesExplorerArrows changed, updating to false
[INFO 16:57:13] symbols.folders.associations changed, updating to undefined
[INFO 16:57:13] symbols.files.associations changed, updating to undefined
[INFO 16:57:48] symbols.hidesExplorerArrows changed, updating to false
[INFO 16:57:48] symbols.folders.associations changed, updating to undefined
[INFO 16:57:48] symbols.files.associations changed, updating to undefined
[INFO 16:58:23] symbols.hidesExplorerArrows changed, updating to false
[INFO 16:58:23] symbols.folders.associations changed, updating to undefined
[INFO 16:58:23] symbols.files.associations changed, updating to undefined
[INFO 17:13:00] symbols.hidesExplorerArrows changed, updating to false
[INFO 17:13:00] symbols.folders.associations changed, updating to undefined
[INFO 17:13:00] symbols.files.associations changed, updating to undefined
[INFO 17:28:58] symbols.hidesExplorerArrows changed, updating to false
[INFO 17:28:58] symbols.folders.associations changed, updating to undefined
[INFO 17:28:58] symbols.files.associations changed, updating to undefined
[INFO 17:31:48] symbols.hidesExplorerArrows changed, updating to false
[INFO 17:31:48] symbols.folders.associations changed, updating to undefined
[INFO 17:31:48] symbols.files.associations changed, updating to undefined
[INFO 17:31:49] symbols.hidesExplorerArrows changed, updating to false
[INFO 17:31:49] symbols.folders.associations changed, updating to undefined
[INFO 17:31:49] symbols.files.associations changed, updating to undefined
[INFO 17:43:32] symbols.hidesExplorerArrows changed, updating to false
[INFO 17:43:32] symbols.folders.associations changed, updating to undefined
[INFO 17:43:32] symbols.files.associations changed, updating to undefined
[INFO 17:43:33] symbols.hidesExplorerArrows changed, updating to false
[INFO 17:43:33] symbols.folders.associations changed, updating to undefined
[INFO 17:43:33] symbols.files.associations changed, updating to undefined
[INFO 17:44:27] symbols.hidesExplorerArrows changed, updating to false
[INFO 17:44:27] symbols.folders.associations changed, updating to undefined
[INFO 17:44:27] symbols.files.associations changed, updating to undefined
[INFO 17:45:12] symbols.hidesExplorerArrows changed, updating to false
[INFO 17:45:12] symbols.folders.associations changed, updating to undefined
[INFO 17:45:12] symbols.files.associations changed, updating to undefined
[INFO 17:45:13] symbols.hidesExplorerArrows changed, updating to false
[INFO 17:45:13] symbols.folders.associations changed, updating to undefined
[INFO 17:45:13] symbols.files.associations changed, updating to undefined
[INFO 17:45:14] symbols.hidesExplorerArrows changed, updating to false
[INFO 17:45:14] symbols.folders.associations changed, updating to undefined
[INFO 17:45:14] symbols.files.associations changed, updating to undefined
[INFO 17:45:24] symbols.hidesExplorerArrows changed, updating to false
[INFO 17:45:24] symbols.folders.associations changed, updating to undefined
[INFO 17:45:24] symbols.files.associations changed, updating to undefined
[INFO 17:45:35] symbols.hidesExplorerArrows changed, updating to false
[INFO 17:45:35] symbols.folders.associations changed, updating to undefined
[INFO 17:45:35] symbols.files.associations changed, updating to undefined
[INFO 17:45:50] symbols.hidesExplorerArrows changed, updating to false
[INFO 17:45:50] symbols.folders.associations changed, updating to undefined
[INFO 17:45:50] symbols.files.associations changed, updating to undefined
[INFO 17:45:56] symbols.hidesExplorerArrows changed, updating to false
[INFO 17:45:56] symbols.folders.associations changed, updating to undefined
[INFO 17:45:56] symbols.files.associations changed, updating to undefined
[INFO 17:48:59] symbols.hidesExplorerArrows changed, updating to false
[INFO 17:48:59] symbols.folders.associations changed, updating to undefined
[INFO 17:48:59] symbols.files.associations changed, updating to undefined
[INFO 17:52:27] symbols.hidesExplorerArrows changed, updating to false
[INFO 17:52:27] symbols.folders.associations changed, updating to undefined
[INFO 17:52:27] symbols.files.associations changed, updating to undefined
[INFO 17:52:28] symbols.hidesExplorerArrows changed, updating to false
[INFO 17:52:28] symbols.folders.associations changed, updating to undefined
[INFO 17:52:28] symbols.files.associations changed, updating to undefined
[INFO 17:53:11] symbols.hidesExplorerArrows changed, updating to false
[INFO 17:53:11] symbols.folders.associations changed, updating to undefined
[INFO 17:53:11] symbols.files.associations changed, updating to undefined
[INFO 17:53:32] symbols.hidesExplorerArrows changed, updating to false
[INFO 17:53:32] symbols.folders.associations changed, updating to undefined
[INFO 17:53:32] symbols.files.associations changed, updating to undefined
[INFO 17:53:40] symbols.hidesExplorerArrows changed, updating to false
[INFO 17:53:40] symbols.folders.associations changed, updating to undefined
[INFO 17:53:40] symbols.files.associations changed, updating to undefined
[INFO 17:53:58] symbols.hidesExplorerArrows changed, updating to false
[INFO 17:53:58] symbols.folders.associations changed, updating to undefined
[INFO 17:53:58] symbols.files.associations changed, updating to undefined
[INFO 17:54:03] symbols.hidesExplorerArrows changed, updating to false
[INFO 17:54:03] symbols.folders.associations changed, updating to undefined
[INFO 17:54:03] symbols.files.associations changed, updating to undefined
[INFO 17:54:35] symbols.hidesExplorerArrows changed, updating to false
[INFO 17:54:35] symbols.folders.associations changed, updating to undefined
[INFO 17:54:35] symbols.files.associations changed, updating to undefined
[INFO 17:54:35] symbols.hidesExplorerArrows changed, updating to false
[INFO 17:54:35] symbols.folders.associations changed, updating to undefined
[INFO 17:54:35] symbols.files.associations changed, updating to undefined
[INFO 17:54:56] symbols.hidesExplorerArrows changed, updating to false
[INFO 17:54:56] symbols.folders.associations changed, updating to undefined
[INFO 17:54:56] symbols.files.associations changed, updating to undefined
[INFO 17:55:02] symbols.hidesExplorerArrows changed, updating to false
[INFO 17:55:02] symbols.folders.associations changed, updating to undefined
[INFO 17:55:02] symbols.files.associations changed, updating to undefined
[INFO 17:55:09] symbols.hidesExplorerArrows changed, updating to false
[INFO 17:55:09] symbols.folders.associations changed, updating to undefined
[INFO 17:55:09] symbols.files.associations changed, updating to undefined
[INFO 17:55:27] symbols.hidesExplorerArrows changed, updating to false
[INFO 17:55:27] symbols.folders.associations changed, updating to undefined
[INFO 17:55:27] symbols.files.associations changed, updating to undefined
[INFO 17:55:43] symbols.hidesExplorerArrows changed, updating to false
[INFO 17:55:43] symbols.folders.associations changed, updating to undefined
[INFO 17:55:43] symbols.files.associations changed, updating to undefined
[INFO 17:56:41] symbols.hidesExplorerArrows changed, updating to false
[INFO 17:56:41] symbols.folders.associations changed, updating to undefined
[INFO 17:56:41] symbols.files.associations changed, updating to undefined
[INFO 17:56:45] symbols.hidesExplorerArrows changed, updating to false
[INFO 17:56:45] symbols.folders.associations changed, updating to undefined
[INFO 17:56:45] symbols.files.associations changed, updating to undefined
[INFO 17:56:59] symbols.hidesExplorerArrows changed, updating to false
[INFO 17:56:59] symbols.folders.associations changed, updating to undefined
[INFO 17:56:59] symbols.files.associations changed, updating to undefined
[INFO 17:57:06] symbols.hidesExplorerArrows changed, updating to false
[INFO 17:57:06] symbols.folders.associations changed, updating to undefined
[INFO 17:57:06] symbols.files.associations changed, updating to undefined
[INFO 17:57:21] symbols.hidesExplorerArrows changed, updating to false
[INFO 17:57:21] symbols.folders.associations changed, updating to undefined
[INFO 17:57:21] symbols.files.associations changed, updating to undefined
[INFO 17:57:26] symbols.hidesExplorerArrows changed, updating to false
[INFO 17:57:26] symbols.folders.associations changed, updating to undefined
[INFO 17:57:26] symbols.files.associations changed, updating to undefined
[INFO 17:59:00] symbols.hidesExplorerArrows changed, updating to false
[INFO 17:59:00] symbols.folders.associations changed, updating to undefined
[INFO 17:59:00] symbols.files.associations changed, updating to undefined
[INFO 17:59:18] symbols.hidesExplorerArrows changed, updating to false
[INFO 17:59:18] symbols.folders.associations changed, updating to undefined
[INFO 17:59:18] symbols.files.associations changed, updating to undefined
[INFO 17:59:35] symbols.hidesExplorerArrows changed, updating to false
[INFO 17:59:35] symbols.folders.associations changed, updating to undefined
[INFO 17:59:35] symbols.files.associations changed, updating to undefined
[INFO 18:00:16] symbols.hidesExplorerArrows changed, updating to false
[INFO 18:00:16] symbols.folders.associations changed, updating to undefined
[INFO 18:00:16] symbols.files.associations changed, updating to undefined
[INFO 18:00:17] symbols.hidesExplorerArrows changed, updating to false
[INFO 18:00:17] symbols.folders.associations changed, updating to undefined
[INFO 18:00:17] symbols.files.associations changed, updating to undefined
[INFO 18:00:21] symbols.hidesExplorerArrows changed, updating to false
[INFO 18:00:21] symbols.folders.associations changed, updating to undefined
[INFO 18:00:21] symbols.files.associations changed, updating to undefined
[INFO 18:00:24] symbols.hidesExplorerArrows changed, updating to false
[INFO 18:00:24] symbols.folders.associations changed, updating to undefined
[INFO 18:00:24] symbols.files.associations changed, updating to undefined
[INFO 18:00:50] symbols.hidesExplorerArrows changed, updating to false
[INFO 18:00:50] symbols.folders.associations changed, updating to undefined
[INFO 18:00:50] symbols.files.associations changed, updating to undefined
[INFO 18:00:50] symbols.hidesExplorerArrows changed, updating to false
[INFO 18:00:50] symbols.folders.associations changed, updating to undefined
[INFO 18:00:50] symbols.files.associations changed, updating to undefined
[INFO 18:00:56] symbols.hidesExplorerArrows changed, updating to false
[INFO 18:00:56] symbols.folders.associations changed, updating to undefined
[INFO 18:00:56] symbols.files.associations changed, updating to undefined
[INFO 18:01:31] symbols.hidesExplorerArrows changed, updating to false
[INFO 18:01:31] symbols.folders.associations changed, updating to undefined
[INFO 18:01:31] symbols.files.associations changed, updating to undefined
[INFO 18:02:24] symbols.hidesExplorerArrows changed, updating to false
[INFO 18:02:24] symbols.folders.associations changed, updating to undefined
[INFO 18:02:24] symbols.files.associations changed, updating to undefined
[INFO 18:02:28] symbols.hidesExplorerArrows changed, updating to false
[INFO 18:02:28] symbols.folders.associations changed, updating to undefined
[INFO 18:02:28] symbols.files.associations changed, updating to undefined
[INFO 18:02:29] symbols.hidesExplorerArrows changed, updating to false
[INFO 18:02:29] symbols.folders.associations changed, updating to undefined
[INFO 18:02:29] symbols.files.associations changed, updating to undefined
[INFO 18:03:25] symbols.hidesExplorerArrows changed, updating to false
[INFO 18:03:25] symbols.folders.associations changed, updating to undefined
[INFO 18:03:25] symbols.files.associations changed, updating to undefined
[INFO 18:05:24] symbols.hidesExplorerArrows changed, updating to false
[INFO 18:05:24] symbols.folders.associations changed, updating to undefined
[INFO 18:05:24] symbols.files.associations changed, updating to undefined
[INFO 18:05:35] symbols.hidesExplorerArrows changed, updating to false
[INFO 18:05:35] symbols.folders.associations changed, updating to undefined
[INFO 18:05:35] symbols.files.associations changed, updating to undefined
[INFO 18:14:41] symbols.hidesExplorerArrows changed, updating to false
[INFO 18:14:41] symbols.folders.associations changed, updating to undefined
[INFO 18:14:41] symbols.files.associations changed, updating to undefined
[INFO 18:20:09] symbols.hidesExplorerArrows changed, updating to false
[INFO 18:20:09] symbols.folders.associations changed, updating to undefined
[INFO 18:20:09] symbols.files.associations changed, updating to undefined
[INFO 18:20:09] symbols.hidesExplorerArrows changed, updating to false
[INFO 18:20:09] symbols.folders.associations changed, updating to undefined
[INFO 18:20:09] symbols.files.associations changed, updating to undefined
[INFO 18:24:49] symbols.hidesExplorerArrows changed, updating to false
[INFO 18:24:49] symbols.folders.associations changed, updating to undefined
[INFO 18:24:49] symbols.files.associations changed, updating to undefined
[INFO 18:24:50] symbols.hidesExplorerArrows changed, updating to false
[INFO 18:24:50] symbols.folders.associations changed, updating to undefined
[INFO 18:24:50] symbols.files.associations changed, updating to undefined
[INFO 18:25:07] symbols.hidesExplorerArrows changed, updating to false
[INFO 18:25:07] symbols.folders.associations changed, updating to undefined
[INFO 18:25:07] symbols.files.associations changed, updating to undefined
[INFO 18:25:48] symbols.hidesExplorerArrows changed, updating to false
[INFO 18:25:48] symbols.folders.associations changed, updating to undefined
[INFO 18:25:48] symbols.files.associations changed, updating to undefined
[INFO 18:25:55] symbols.hidesExplorerArrows changed, updating to false
[INFO 18:25:55] symbols.folders.associations changed, updating to undefined
[INFO 18:25:55] symbols.files.associations changed, updating to undefined
[INFO 18:26:58] symbols.hidesExplorerArrows changed, updating to false
[INFO 18:26:58] symbols.folders.associations changed, updating to undefined
[INFO 18:26:58] symbols.files.associations changed, updating to undefined
[INFO 18:27:23] symbols.hidesExplorerArrows changed, updating to false
[INFO 18:27:23] symbols.folders.associations changed, updating to undefined
[INFO 18:27:23] symbols.files.associations changed, updating to undefined
[INFO 18:28:30] symbols.hidesExplorerArrows changed, updating to false
[INFO 18:28:30] symbols.folders.associations changed, updating to undefined
[INFO 18:28:30] symbols.files.associations changed, updating to undefined
[INFO 18:28:32] symbols.hidesExplorerArrows changed, updating to false
[INFO 18:28:32] symbols.folders.associations changed, updating to undefined
[INFO 18:28:32] symbols.files.associations changed, updating to undefined
[INFO 18:30:02] symbols.hidesExplorerArrows changed, updating to false
[INFO 18:30:02] symbols.folders.associations changed, updating to undefined
[INFO 18:30:02] symbols.files.associations changed, updating to undefined
[INFO 18:30:16] symbols.hidesExplorerArrows changed, updating to false
[INFO 18:30:16] symbols.folders.associations changed, updating to undefined
[INFO 18:30:16] symbols.files.associations changed, updating to undefined
[INFO 18:31:07] symbols.hidesExplorerArrows changed, updating to false
[INFO 18:31:07] symbols.folders.associations changed, updating to undefined
[INFO 18:31:07] symbols.files.associations changed, updating to undefined
[INFO 18:31:39] symbols.hidesExplorerArrows changed, updating to false
[INFO 18:31:39] symbols.folders.associations changed, updating to undefined
[INFO 18:31:39] symbols.files.associations changed, updating to undefined
[INFO 18:31:52] symbols.hidesExplorerArrows changed, updating to false
[INFO 18:31:52] symbols.folders.associations changed, updating to undefined
[INFO 18:31:52] symbols.files.associations changed, updating to undefined
[INFO 18:32:26] symbols.hidesExplorerArrows changed, updating to false
[INFO 18:32:26] symbols.folders.associations changed, updating to undefined
[INFO 18:32:26] symbols.files.associations changed, updating to undefined
[INFO 18:32:50] symbols.hidesExplorerArrows changed, updating to false
[INFO 18:32:50] symbols.folders.associations changed, updating to undefined
[INFO 18:32:50] symbols.files.associations changed, updating to undefined
[INFO 18:34:09] symbols.hidesExplorerArrows changed, updating to false
[INFO 18:34:09] symbols.folders.associations changed, updating to undefined
[INFO 18:34:09] symbols.files.associations changed, updating to undefined
[INFO 18:34:11] symbols.hidesExplorerArrows changed, updating to false
[INFO 18:34:11] symbols.folders.associations changed, updating to undefined
[INFO 18:34:11] symbols.files.associations changed, updating to undefined
[INFO 18:34:17] symbols.hidesExplorerArrows changed, updating to false
[INFO 18:34:17] symbols.folders.associations changed, updating to undefined
[INFO 18:34:17] symbols.files.associations changed, updating to undefined
[INFO 18:34:23] symbols.hidesExplorerArrows changed, updating to false
[INFO 18:34:23] symbols.folders.associations changed, updating to undefined
[INFO 18:34:23] symbols.files.associations changed, updating to undefined
[INFO 18:34:26] symbols.hidesExplorerArrows changed, updating to false
[INFO 18:34:26] symbols.folders.associations changed, updating to undefined
[INFO 18:34:26] symbols.files.associations changed, updating to undefined
[INFO 18:34:50] symbols.hidesExplorerArrows changed, updating to false
[INFO 18:34:50] symbols.folders.associations changed, updating to undefined
[INFO 18:34:50] symbols.files.associations changed, updating to undefined
[INFO 18:35:40] symbols.hidesExplorerArrows changed, updating to false
[INFO 18:35:40] symbols.folders.associations changed, updating to undefined
[INFO 18:35:40] symbols.files.associations changed, updating to undefined
[INFO 18:35:54] symbols.hidesExplorerArrows changed, updating to false
[INFO 18:35:54] symbols.folders.associations changed, updating to undefined
[INFO 18:35:54] symbols.files.associations changed, updating to undefined
[INFO 18:35:57] symbols.hidesExplorerArrows changed, updating to false
[INFO 18:35:57] symbols.folders.associations changed, updating to undefined
[INFO 18:35:57] symbols.files.associations changed, updating to undefined
[INFO 18:36:53] symbols.hidesExplorerArrows changed, updating to false
[INFO 18:36:53] symbols.folders.associations changed, updating to undefined
[INFO 18:36:53] symbols.files.associations changed, updating to undefined
[INFO 18:37:07] symbols.hidesExplorerArrows changed, updating to false
[INFO 18:37:07] symbols.folders.associations changed, updating to undefined
[INFO 18:37:07] symbols.files.associations changed, updating to undefined
[INFO 18:37:08] symbols.hidesExplorerArrows changed, updating to false
[INFO 18:37:08] symbols.folders.associations changed, updating to undefined
[INFO 18:37:08] symbols.files.associations changed, updating to undefined
[INFO 18:37:23] symbols.hidesExplorerArrows changed, updating to false
[INFO 18:37:23] symbols.folders.associations changed, updating to undefined
[INFO 18:37:23] symbols.files.associations changed, updating to undefined
[INFO 18:38:06] symbols.hidesExplorerArrows changed, updating to false
[INFO 18:38:06] symbols.folders.associations changed, updating to undefined
[INFO 18:38:06] symbols.files.associations changed, updating to undefined
[INFO 18:38:28] symbols.hidesExplorerArrows changed, updating to false
[INFO 18:38:28] symbols.folders.associations changed, updating to undefined
[INFO 18:38:28] symbols.files.associations changed, updating to undefined
[INFO 18:38:30] symbols.hidesExplorerArrows changed, updating to false
[INFO 18:38:30] symbols.folders.associations changed, updating to undefined
[INFO 18:38:30] symbols.files.associations changed, updating to undefined
[INFO 18:39:19] symbols.hidesExplorerArrows changed, updating to false
[INFO 18:39:19] symbols.folders.associations changed, updating to undefined
[INFO 18:39:19] symbols.files.associations changed, updating to undefined
[INFO 18:40:24] symbols.hidesExplorerArrows changed, updating to false
[INFO 18:40:24] symbols.folders.associations changed, updating to undefined
[INFO 18:40:24] symbols.files.associations changed, updating to undefined
[INFO 19:13:55] symbols.hidesExplorerArrows changed, updating to false
[INFO 19:13:55] symbols.folders.associations changed, updating to undefined
[INFO 19:13:55] symbols.files.associations changed, updating to undefined
[INFO 19:14:15] symbols.hidesExplorerArrows changed, updating to false
[INFO 19:14:15] symbols.folders.associations changed, updating to undefined
[INFO 19:14:15] symbols.files.associations changed, updating to undefined
[INFO 19:14:19] symbols.hidesExplorerArrows changed, updating to false
[INFO 19:14:19] symbols.folders.associations changed, updating to undefined
[INFO 19:14:19] symbols.files.associations changed, updating to undefined
[INFO 19:14:29] symbols.hidesExplorerArrows changed, updating to false
[INFO 19:14:29] symbols.folders.associations changed, updating to undefined
[INFO 19:14:29] symbols.files.associations changed, updating to undefined
[INFO 19:14:58] symbols.hidesExplorerArrows changed, updating to false
[INFO 19:14:58] symbols.folders.associations changed, updating to undefined
[INFO 19:14:58] symbols.files.associations changed, updating to undefined
[INFO 19:15:22] symbols.hidesExplorerArrows changed, updating to false
[INFO 19:15:22] symbols.folders.associations changed, updating to undefined
[INFO 19:15:22] symbols.files.associations changed, updating to undefined
[INFO 19:16:18] symbols.hidesExplorerArrows changed, updating to false
[INFO 19:16:18] symbols.folders.associations changed, updating to undefined
[INFO 19:16:18] symbols.files.associations changed, updating to undefined
[INFO 19:16:47] symbols.hidesExplorerArrows changed, updating to false
[INFO 19:16:47] symbols.folders.associations changed, updating to undefined
[INFO 19:16:47] symbols.files.associations changed, updating to undefined
[INFO 19:17:38] symbols.hidesExplorerArrows changed, updating to false
[INFO 19:17:38] symbols.folders.associations changed, updating to undefined
[INFO 19:17:38] symbols.files.associations changed, updating to undefined
[INFO 19:18:11] symbols.hidesExplorerArrows changed, updating to false
[INFO 19:18:11] symbols.folders.associations changed, updating to undefined
[INFO 19:18:11] symbols.files.associations changed, updating to undefined
[INFO 19:18:20] symbols.hidesExplorerArrows changed, updating to false
[INFO 19:18:20] symbols.folders.associations changed, updating to undefined
[INFO 19:18:20] symbols.files.associations changed, updating to undefined
[INFO 19:18:44] symbols.hidesExplorerArrows changed, updating to false
[INFO 19:18:44] symbols.folders.associations changed, updating to undefined
[INFO 19:18:44] symbols.files.associations changed, updating to undefined
[INFO 19:18:57] symbols.hidesExplorerArrows changed, updating to false
[INFO 19:18:57] symbols.folders.associations changed, updating to undefined
[INFO 19:18:57] symbols.files.associations changed, updating to undefined
[INFO 19:19:36] symbols.hidesExplorerArrows changed, updating to false
[INFO 19:19:36] symbols.folders.associations changed, updating to undefined
[INFO 19:19:36] symbols.files.associations changed, updating to undefined
[INFO 19:20:43] symbols.hidesExplorerArrows changed, updating to false
[INFO 19:20:43] symbols.folders.associations changed, updating to undefined
[INFO 19:20:43] symbols.files.associations changed, updating to undefined
[INFO 19:20:43] symbols.hidesExplorerArrows changed, updating to false
[INFO 19:20:43] symbols.folders.associations changed, updating to undefined
[INFO 19:20:43] symbols.files.associations changed, updating to undefined
