2023-12-10 03:05:25.053 [info] Added views:workbench.panel.markers.view in workbench.panel.markers
2023-12-10 03:05:25.053 [info] Added views:workbench.panel.output in workbench.panel.output
2023-12-10 03:05:25.053 [info] Added views:terminal in terminal
2023-12-10 03:05:25.053 [info] Added views:outline in workbench.view.explorer
2023-12-10 03:05:25.053 [info] Added views:workbench.scm in workbench.view.scm
2023-12-10 03:05:25.053 [info] Added views:workbench.view.search in workbench.view.search
2023-12-10 03:05:25.053 [info] Added views:timeline in workbench.view.explorer
2023-12-10 03:05:25.053 [info] Added views:workbench.explorer.fileView in workbench.view.explorer
2023-12-10 03:05:25.247 [info] Added views:font-awesome.icons-view in workbench.view.extension.icons-view
2023-12-10 03:05:25.247 [info] Added views:vscode-fontawesome-gallery-sidebar in workbench.view.extension.vscode-fontawesome-gallery-sidebar
2023-12-10 03:05:25.406 [info] Added views:workbench.debug.variablesView,workbench.debug.watchExpressionsView,workbench.debug.callStackView,workbench.debug.breakPointsView in workbench.view.debug
2023-12-10 03:05:25.427 [info] Added views:workbench.panel.repl.view in workbench.panel.repl
2023-12-10 03:05:25.427 [info] Removed views:workbench.debug.breakPointsView,workbench.debug.callStackView,workbench.debug.watchExpressionsView,workbench.debug.variablesView from workbench.view.debug
2023-12-10 03:05:25.428 [info] Added views:workbench.debug.welcome in workbench.view.debug
2023-12-10 03:05:25.671 [info] Added views:~remote.forwardedPorts in ~remote.forwardedPortsContainer
2023-12-10 03:08:22.770 [info] Added views:workbench.views.extensions.installed,workbench.views.extensions.popular,extensions.recommendedList in workbench.view.extensions
2023-12-10 03:08:22.772 [info] Removed views:workbench.views.extensions.popular from workbench.view.extensions
2023-12-10 03:08:25.832 [info] Removed views:extensions.recommendedList,workbench.views.extensions.installed from workbench.view.extensions
2023-12-10 03:08:25.837 [info] Added views:workbench.views.extensions.marketplace in workbench.view.extensions
2023-12-10 03:11:57.572 [info] Removed views:workbench.views.extensions.marketplace from workbench.view.extensions
2023-12-10 03:11:57.584 [info] Added views:workbench.views.extensions.installed,extensions.recommendedList in workbench.view.extensions
2023-12-10 03:11:58.838 [info] Removed views:extensions.recommendedList,workbench.views.extensions.installed from workbench.view.extensions
2023-12-10 03:11:58.843 [info] Added views:workbench.views.extensions.marketplace in workbench.view.extensions
2023-12-10 12:40:20.433 [info] Removed views:workbench.views.extensions.marketplace from workbench.view.extensions
2023-12-10 12:40:20.442 [info] Added views:workbench.views.extensions.installed,extensions.recommendedList in workbench.view.extensions
2023-12-10 12:40:21.993 [info] Removed views:extensions.recommendedList,workbench.views.extensions.installed from workbench.view.extensions
2023-12-10 12:40:21.998 [info] Added views:workbench.views.extensions.marketplace in workbench.view.extensions
2023-12-10 13:14:12.862 [info] Added views:javaProjectExplorer in workbench.view.explorer
2023-12-10 13:14:22.503 [info] Added views:workspaceViewer in workbench.view.extension.workspaceViewer
2023-12-10 13:14:22.764 [info] Added views:rHelpPages in workbench.view.extension.workspaceViewer
2023-12-10 13:14:22.787 [info] Added views:rLiveShare in workbench.view.extension.workspaceViewer
2023-12-10 14:17:30.796 [info] Removed views:workbench.views.extensions.marketplace from workbench.view.extensions
2023-12-10 14:17:30.809 [info] Added views:workbench.views.extensions.installed,extensions.recommendedList in workbench.view.extensions
2023-12-10 14:17:32.841 [info] Removed views:extensions.recommendedList,workbench.views.extensions.installed from workbench.view.extensions
2023-12-10 14:17:32.845 [info] Added views:workbench.views.extensions.marketplace in workbench.view.extensions
